#
# There is insufficient memory for the Java Runtime Environment to continue.
# Native memory allocation (mmap) failed to map 134217728 bytes for Failed to commit area from 0x0000000081e00000 to 0x0000000089e00000 of length 134217728.
# Possible reasons:
#   The system is out of physical RAM or swap space
#   The process is running with CompressedOops enabled, and the Java Heap may be blocking the growth of the native heap
# Possible solutions:
#   Reduce memory load on the system
#   Increase physical memory or swap space
#   Check if swap backing store is full
#   Decrease Java heap size (-Xmx/-Xms)
#   Decrease number of Java threads
#   Decrease Java thread stack sizes (-Xss)
#   Set larger code cache with -XX:ReservedCodeCacheSize=
# This output file may be truncated or incomplete.
#
#  Out of Memory Error (./src/hotspot/os/windows/os_windows.cpp:3619), pid=1448, tid=11224
#
# JRE version:  (11.0.13) (build )
# Java VM: OpenJDK 64-Bit Server VM (11.0.13+0-b1751.21-8125866, mixed mode, sharing, tiered, compressed oops, g1 gc, windows-amd64)
# No core dump will be written. Minidumps are not enabled by default on client versions of Windows
#

---------------  S U M M A R Y ------------

Command Line: 

Host: Intel(R) Core(TM) i5-6200U CPU @ 2.30GHz, 4 cores, 7G,  Windows 10 , 64 bit Build 19041 (10.0.19041.3155)
Time: Thu Aug 17 13:20:24 2023 India Standard Time elapsed time: 0.345324 seconds (0d 0h 0m 0s)

---------------  T H R E A D  ---------------

Current thread (0x0000018a3b0db000):  JavaThread "Unknown thread" [_thread_in_vm, id=11224, stack(0x0000004a54300000,0x0000004a54400000)]

Stack: [0x0000004a54300000,0x0000004a54400000]
Native frames: (J=compiled Java code, j=interpreted, Vv=VM code, C=native code)
V  [jvm.dll+0x6100fa]
V  [jvm.dll+0x747090]
V  [jvm.dll+0x7486ad]
V  [jvm.dll+0x748d83]
V  [jvm.dll+0x24ab48]
V  [jvm.dll+0x60d164]
V  [jvm.dll+0x601e75]
V  [jvm.dll+0x308bdb]
V  [jvm.dll+0x308b4a]
V  [jvm.dll+0x308a22]
V  [jvm.dll+0x30d986]
V  [jvm.dll+0x357093]
V  [jvm.dll+0x357796]
V  [jvm.dll+0x357193]
V  [jvm.dll+0x2e3448]
V  [jvm.dll+0x2e45f7]
V  [jvm.dll+0x7242e7]
V  [jvm.dll+0x725adc]
V  [jvm.dll+0x364629]
V  [jvm.dll+0x707cee]
V  [jvm.dll+0x3d2633]
V  [jvm.dll+0x3d4a21]
C  [jli.dll+0x536b]
C  [ucrtbase.dll+0x21bb2]
C  [KERNEL32.DLL+0x17614]
C  [ntdll.dll+0x526b1]


---------------  P R O C E S S  ---------------

Threads class SMR info:
_java_thread_list=0x0000018a3af81650, length=0, elements={
}

Java Threads: ( => current thread )

Other Threads:
  0x0000018a3b0f3800 GCTaskThread "GC Thread#0" [stack: 0x0000004a54400000,0x0000004a54500000] [id=5040]
  0x0000018a3b124000 ConcurrentGCThread "G1 Main Marker" [stack: 0x0000004a54500000,0x0000004a54600000] [id=1936]
  0x0000018a3b125800 ConcurrentGCThread "G1 Conc#0" [stack: 0x0000004a54600000,0x0000004a54700000] [id=5580]

[error occurred during error reporting (printing all threads), id 0xc0000005, EXCEPTION_ACCESS_VIOLATION (0xc0000005) at pc=0x00007ffb61613dd7]

VM state:not at safepoint (not fully initialized)

VM Mutex/Monitor currently owned by a thread:  ([mutex/lock_event])
[0x0000018a3b0d7000] Heap_lock - owner thread: 0x0000018a3b0db000

Heap address: 0x0000000081e00000, size: 2018 MB, Compressed Oops mode: Non-zero based: 0x0000000081e00000
Narrow klass base: 0x0000000000000000, Narrow klass shift: 0

GC Heap History (0 events):
No events

Deoptimization events (0 events):
No events

Classes redefined (0 events):
No events

Internal exceptions (0 events):
No events

Events (1 events):
Event: 0.013 Loaded shared library C:\Program Files\Android\Android Studio\jre\bin\zip.dll


Dynamic libraries:
0x00007ff696990000 - 0x00007ff69699a000 	C:\Program Files\Android\Android Studio\jre\bin\java.EXE
0x00007ffb93690000 - 0x00007ffb93888000 	C:\WINDOWS\SYSTEM32\ntdll.dll
0x00007ffb921c0000 - 0x00007ffb9227f000 	C:\WINDOWS\System32\KERNEL32.DLL
0x00007ffb90f20000 - 0x00007ffb91216000 	C:\WINDOWS\System32\KERNELBASE.dll
0x00007ffb91220000 - 0x00007ffb91320000 	C:\WINDOWS\System32\ucrtbase.dll
0x00007ffb83810000 - 0x00007ffb83827000 	C:\Program Files\Android\Android Studio\jre\bin\VCRUNTIME140.dll
0x00007ffb83830000 - 0x00007ffb83849000 	C:\Program Files\Android\Android Studio\jre\bin\jli.dll
0x00007ffb7b5d0000 - 0x00007ffb7b86a000 	C:\WINDOWS\WinSxS\amd64_microsoft.windows.common-controls_6595b64144ccf1df_6.0.19041.1110_none_60b5254171f9507e\COMCTL32.dll
0x00007ffb93450000 - 0x00007ffb935ed000 	C:\WINDOWS\System32\USER32.dll
0x00007ffb92830000 - 0x00007ffb928ce000 	C:\WINDOWS\System32\msvcrt.dll
0x00007ffb90e80000 - 0x00007ffb90ea2000 	C:\WINDOWS\System32\win32u.dll
0x00007ffb91930000 - 0x00007ffb9195c000 	C:\WINDOWS\System32\GDI32.dll
0x00007ffb915d0000 - 0x00007ffb916e5000 	C:\WINDOWS\System32\gdi32full.dll
0x00007ffb91530000 - 0x00007ffb915cd000 	C:\WINDOWS\System32\msvcp_win.dll
0x00007ffb92190000 - 0x00007ffb921c0000 	C:\WINDOWS\System32\IMM32.DLL
0x00007ffb67800000 - 0x00007ffb6789d000 	C:\Program Files\Android\Android Studio\jre\bin\msvcp140.dll
0x00007ffb61320000 - 0x00007ffb61e22000 	C:\Program Files\Android\Android Studio\jre\bin\server\jvm.dll
0x00007ffb926f0000 - 0x00007ffb9279f000 	C:\WINDOWS\System32\ADVAPI32.dll
0x00007ffb928e0000 - 0x00007ffb9297c000 	C:\WINDOWS\System32\sechost.dll
0x00007ffb925c0000 - 0x00007ffb926e6000 	C:\WINDOWS\System32\RPCRT4.dll
0x00007ffb92980000 - 0x00007ffb92988000 	C:\WINDOWS\System32\PSAPI.DLL
0x00007ffb8c6f0000 - 0x00007ffb8c6f9000 	C:\WINDOWS\SYSTEM32\WSOCK32.dll
0x00007ffb81ef0000 - 0x00007ffb81f17000 	C:\WINDOWS\SYSTEM32\WINMM.dll
0x00007ffb918c0000 - 0x00007ffb9192b000 	C:\WINDOWS\System32\WS2_32.dll
0x00007ffb894c0000 - 0x00007ffb894ca000 	C:\WINDOWS\SYSTEM32\VERSION.dll
0x00007ffb8eb30000 - 0x00007ffb8eb42000 	C:\WINDOWS\SYSTEM32\kernel.appcore.dll
0x00007ffb837f0000 - 0x00007ffb83801000 	C:\Program Files\Android\Android Studio\jre\bin\verify.dll
0x00007ffb76940000 - 0x00007ffb76b24000 	C:\WINDOWS\SYSTEM32\DBGHELP.DLL
0x00007ffb76e20000 - 0x00007ffb76e54000 	C:\WINDOWS\SYSTEM32\dbgcore.DLL
0x00007ffb90d70000 - 0x00007ffb90df2000 	C:\WINDOWS\System32\bcryptPrimitives.dll
0x00007ffb75520000 - 0x00007ffb75549000 	C:\Program Files\Android\Android Studio\jre\bin\java.dll
0x00007ffb8a6e0000 - 0x00007ffb8a6eb000 	C:\Program Files\Android\Android Studio\jre\bin\jimage.dll
0x00007ffb75500000 - 0x00007ffb75518000 	C:\Program Files\Android\Android Studio\jre\bin\zip.dll

dbghelp: loaded successfully - version: 4.0.5 - missing functions: none
symbol engine: initialized successfully - sym options: 0x614 - pdb path: .;C:\Program Files\Android\Android Studio\jre\bin;C:\WINDOWS\SYSTEM32;C:\WINDOWS\WinSxS\amd64_microsoft.windows.common-controls_6595b64144ccf1df_6.0.19041.1110_none_60b5254171f9507e;C:\Program Files\Android\Android Studio\jre\bin\server

VM Arguments:
java_command: <unknown>
java_class_path (initial): <not set>
Launcher Type: SUN_STANDARD

[Global flags]
     intx CICompilerCount                          = 3                                         {product} {ergonomic}
     uint ConcGCThreads                            = 1                                         {product} {ergonomic}
     uint G1ConcRefinementThreads                  = 4                                         {product} {ergonomic}
   size_t G1HeapRegionSize                         = 1048576                                   {product} {ergonomic}
    uintx GCDrainStackTargetSize                   = 64                                        {product} {ergonomic}
   size_t InitialHeapSize                          = 134217728                                 {product} {ergonomic}
   size_t MarkStackSize                            = 4194304                                   {product} {ergonomic}
   size_t MaxHeapSize                              = 2116026368                                {product} {ergonomic}
   size_t MinHeapDeltaBytes                        = 1048576                                   {product} {ergonomic}
    uintx NonNMethodCodeHeapSize                   = 5830732                                {pd product} {ergonomic}
    uintx NonProfiledCodeHeapSize                  = 122913754                              {pd product} {ergonomic}
    uintx ProfiledCodeHeapSize                     = 122913754                              {pd product} {ergonomic}
    uintx ReservedCodeCacheSize                    = 251658240                              {pd product} {ergonomic}
     bool SegmentedCodeCache                       = true                                      {product} {ergonomic}
     bool UseCompressedClassPointers               = true                                 {lp64_product} {ergonomic}
     bool UseCompressedOops                        = true                                 {lp64_product} {ergonomic}
     bool UseG1GC                                  = true                                      {product} {ergonomic}
     bool UseLargePagesIndividualAllocation        = false                                  {pd product} {ergonomic}

Logging:
Log output configuration:
 #0: stdout all=warning uptime,level,tags
 #1: stderr all=off uptime,level,tags

Environment Variables:
JAVA_HOME=C:\Program Files\Java\jdk1.8.0_201
PATH=C:\Python311\Scripts\;C:\Python311\;C:\Program Files\Microsoft\jdk-11.0.12.7-hotspot\bin;C:\Program Files (x86)\Common Files\Oracle\Java\javapath;C:\WINDOWS\system32;C:\WINDOWS;C:\WINDOWS\System32\Wbem;C:\WINDOWS\System32\WindowsPowerShell\v1.0\;C:\WINDOWS\System32\OpenSSH\;C:\Users\L-63\AwesomeProject\npm;"C:\Program Files\nodejs;";C:\Program Files\Java\jdk1.8.0_201\bin;MyFirstApplication (C:\Users\L-63\AndroidStudioProjects\MyFirstApplication);"PATH=%PATH%;C:\Users\L-63\AppData\Local\Android\Sdk\tools;C:\Users\L-63\AppData\Local\Android\Sdk\platform-tools";C:\Program Files\Git\cmd;C:\Program Files\dotnet\;C:\Program Files\nodejs\;C:\ProgramData\chocolatey\bin;C:\Program Files (x86)\Yarn\bin\;C:\Users\L-63\AppData\Local\Programs\Python\Python37\Scripts\;C:\Users\L-63\AppData\Local\Programs\Python\Python37\;C:\Users\L-63\AppData\Local\Microsoft\WindowsApps;"C:\Program Files\nodejs;";C:\Program Files\Java\jdk1.8.0_201\bin;C:\Users\L-63\Downloads\flutter\bin;C:\Users\L-63\AppData\Local\Programs\Microsoft VS Code\bin;C:\Users\L-63\AppData\Local\Android\Sdk\platform-tools;C:\Users\L-63\AppData\Local\Android\Sdk\platform-tools;C:\Users\L-63\AppData\Roaming\npm;C:\Users\L-63\AppData\Local\Yarn\bin;C:\Users\L-63\Downloads\flutter\bin\mingit\cmd
USERNAME=L-63
OS=Windows_NT
PROCESSOR_IDENTIFIER=Intel64 Family 6 Model 78 Stepping 3, GenuineIntel



---------------  S Y S T E M  ---------------

OS: Windows 10 , 64 bit Build 19041 (10.0.19041.3155)
OS uptime: 3 days 2:08 hours

CPU:total 4 (initial active 4) (2 cores per cpu, 2 threads per core) family 6 model 78 stepping 3 microcode 0xcc, cmov, cx8, fxsr, mmx, sse, sse2, sse3, ssse3, sse4.1, sse4.2, popcnt, avx, avx2, aes, clmul, erms, 3dnowpref, lzcnt, ht, tsc, tscinvbit, bmi1, bmi2, adx, fma

Memory: 4k page, system-wide physical 8065M (797M free)
TotalPageFile size 10113M (AvailPageFile size 204M)
current process WorkingSet (physical memory assigned to process): 10M, peak: 10M
current process commit charge ("private bytes"): 51M, peak: 179M

vm_info: OpenJDK 64-Bit Server VM (11.0.13+0-b1751.21-8125866) for windows-amd64 JRE (11.0.13+0-b1751.21-8125866), built on Feb  2 2022 03:00:22 by "builder" with MS VC++ 14.0 (VS2015)

END.
