#
# There is insufficient memory for the Java Runtime Environment to continue.
# Native memory allocation (malloc) failed to allocate 1058416 bytes for Chunk::new
# Possible reasons:
#   The system is out of physical RAM or swap space
#   The process is running with CompressedOops enabled, and the Java Heap may be blocking the growth of the native heap
# Possible solutions:
#   Reduce memory load on the system
#   Increase physical memory or swap space
#   Check if swap backing store is full
#   Decrease Java heap size (-Xmx/-Xms)
#   Decrease number of Java threads
#   Decrease Java thread stack sizes (-Xss)
#   Set larger code cache with -XX:ReservedCodeCacheSize=
#   JVM is running with Unscaled Compressed Oops mode in which the Java heap is
#     placed in the first 4GB address space. The Java Heap base address is the
#     maximum limit for the native heap growth. Please use -XX:HeapBaseMinAddress
#     to set the Java Heap base and to place the Java Heap above 4GB virtual address.
# This output file may be truncated or incomplete.
#
#  Out of Memory Error (./src/hotspot/share/memory/arena.cpp:197), pid=8704, tid=4904
#
# JRE version: OpenJDK Runtime Environment (11.0.13) (build 11.0.13+0-b1751.21-8125866)
# Java VM: OpenJDK 64-Bit Server VM (11.0.13+0-b1751.21-8125866, mixed mode, tiered, compressed oops, g1 gc, windows-amd64)
# No core dump will be written. Minidumps are not enabled by default on client versions of Windows
#

---------------  S U M M A R Y ------------

Command Line: --add-opens=java.base/java.util=ALL-UNNAMED --add-opens=java.base/java.lang=ALL-UNNAMED --add-opens=java.base/java.lang.invoke=ALL-UNNAMED --add-opens=java.base/java.util=ALL-UNNAMED --add-opens=java.prefs/java.util.prefs=ALL-UNNAMED --add-opens=java.prefs/java.util.prefs=ALL-UNNAMED --add-opens=java.base/java.nio.charset=ALL-UNNAMED --add-opens=java.base/java.net=ALL-UNNAMED --add-opens=java.base/java.util.concurrent.atomic=ALL-UNNAMED -Xmx1536M -Dfile.encoding=windows-1252 -Duser.country=IN -Duser.language=en -Duser.variant org.gradle.launcher.daemon.bootstrap.GradleDaemon 7.5

Host: Intel(R) Core(TM) i5-6200U CPU @ 2.30GHz, 4 cores, 7G,  Windows 10 , 64 bit Build 19041 (10.0.19041.3155)
Time: Mon Aug 21 11:20:30 2023 India Standard Time elapsed time: 2813.279958 seconds (0d 0h 46m 53s)

---------------  T H R E A D  ---------------

Current thread (0x0000022a725a6800):  JavaThread "C2 CompilerThread0" daemon [_thread_in_native, id=4904, stack(0x000000578e800000,0x000000578e900000)]


Current CompileTask:
C2:2813280 15034   !   4       java.io.ObjectOutputStream::writeObject0 (619 bytes)

Stack: [0x000000578e800000,0x000000578e900000]
Native frames: (J=compiled Java code, j=interpreted, Vv=VM code, C=native code)
V  [jvm.dll+0x6100fa]
V  [jvm.dll+0x747090]
V  [jvm.dll+0x7486ad]
V  [jvm.dll+0x748d83]
V  [jvm.dll+0x24ab48]
V  [jvm.dll+0xc04dc]
V  [jvm.dll+0xc0a0c]
V  [jvm.dll+0x2bfab4]
V  [jvm.dll+0x524238]
V  [jvm.dll+0x20b193]
V  [jvm.dll+0x204ca0]
V  [jvm.dll+0x2023c2]
V  [jvm.dll+0x188e01]
V  [jvm.dll+0x21106b]
V  [jvm.dll+0x20f8c1]
V  [jvm.dll+0x70de0f]
V  [jvm.dll+0x706a75]
V  [jvm.dll+0x60ed66]
C  [ucrtbase.dll+0x21bb2]
C  [KERNEL32.DLL+0x17614]
C  [ntdll.dll+0x526b1]


---------------  P R O C E S S  ---------------

Threads class SMR info:
_java_thread_list=0x0000022a7b7bebf0, length=46, elements={
0x0000022a59c83000, 0x0000022a7257f800, 0x0000022a72581800, 0x0000022a725a0000,
0x0000022a725a2000, 0x0000022a725a3800, 0x0000022a725a6800, 0x0000022a725ac800,
0x0000022a725ba800, 0x0000022a7304d800, 0x0000022a7334e800, 0x0000022a746b3800,
0x0000022a73f63800, 0x0000022a73fb8000, 0x0000022a73fb4800, 0x0000022a73fb2000,
0x0000022a73fb9000, 0x0000022a73fb3000, 0x0000022a74ea2800, 0x0000022a74ea3800,
0x0000022a74ea6000, 0x0000022a74ea0800, 0x0000022a74ead800, 0x0000022a74eab800,
0x0000022a77786000, 0x0000022a77787000, 0x0000022a77788800, 0x0000022a7d536000,
0x0000022a7b7f4800, 0x0000022a7d52f800, 0x0000022a7d531800, 0x0000022a7d530800,
0x0000022a7d532000, 0x0000022a7d52e000, 0x0000022a7d52f000, 0x0000022a7d52c800,
0x0000022a7d538800, 0x0000022a7d539800, 0x0000022a7d534000, 0x0000022a7d53a800,
0x0000022a7d53b000, 0x0000022a7777e000, 0x0000022a7777e800, 0x0000022a7777f800,
0x0000022a7777b800, 0x0000022a7777a000
}

Java Threads: ( => current thread )
  0x0000022a59c83000 JavaThread "main" [_thread_blocked, id=8336, stack(0x000000578dc00000,0x000000578dd00000)]
  0x0000022a7257f800 JavaThread "Reference Handler" daemon [_thread_blocked, id=9304, stack(0x000000578e300000,0x000000578e400000)]
  0x0000022a72581800 JavaThread "Finalizer" daemon [_thread_blocked, id=8048, stack(0x000000578e400000,0x000000578e500000)]
  0x0000022a725a0000 JavaThread "Signal Dispatcher" daemon [_thread_blocked, id=5008, stack(0x000000578e500000,0x000000578e600000)]
  0x0000022a725a2000 JavaThread "Attach Listener" daemon [_thread_blocked, id=6340, stack(0x000000578e600000,0x000000578e700000)]
  0x0000022a725a3800 JavaThread "Service Thread" daemon [_thread_blocked, id=7540, stack(0x000000578e700000,0x000000578e800000)]
=>0x0000022a725a6800 JavaThread "C2 CompilerThread0" daemon [_thread_in_native, id=4904, stack(0x000000578e800000,0x000000578e900000)]
  0x0000022a725ac800 JavaThread "C1 CompilerThread0" daemon [_thread_blocked, id=1232, stack(0x000000578e900000,0x000000578ea00000)]
  0x0000022a725ba800 JavaThread "Sweeper thread" daemon [_thread_blocked, id=8108, stack(0x000000578ea00000,0x000000578eb00000)]
  0x0000022a7304d800 JavaThread "Common-Cleaner" daemon [_thread_blocked, id=2232, stack(0x000000578eb00000,0x000000578ec00000)]
  0x0000022a7334e800 JavaThread "Daemon health stats" [_thread_blocked, id=7892, stack(0x000000578ed00000,0x000000578ee00000)]
  0x0000022a746b3800 JavaThread "Incoming local TCP Connector on port 4258" [_thread_in_native, id=11100, stack(0x000000578f000000,0x000000578f100000)]
  0x0000022a73f63800 JavaThread "Daemon periodic checks" [_thread_blocked, id=788, stack(0x000000578f100000,0x000000578f200000)]
  0x0000022a73fb8000 JavaThread "Cache worker for journal cache (C:\Users\L-63\.gradle\caches\journal-1)" [_thread_blocked, id=7284, stack(0x000000578f900000,0x000000578fa00000)]
  0x0000022a73fb4800 JavaThread "File lock request listener" [_thread_in_native, id=12852, stack(0x000000578fb00000,0x000000578fc00000)]
  0x0000022a73fb2000 JavaThread "Cache worker for file hash cache (C:\Users\L-63\.gradle\caches\7.5\fileHashes)" [_thread_blocked, id=3668, stack(0x000000578fc00000,0x000000578fd00000)]
  0x0000022a73fb9000 JavaThread "File watcher server" daemon [_thread_in_native, id=6436, stack(0x000000578fd00000,0x000000578fe00000)]
  0x0000022a73fb3000 JavaThread "File watcher consumer" daemon [_thread_blocked, id=12980, stack(0x000000578fe00000,0x000000578ff00000)]
  0x0000022a74ea2800 JavaThread "Cache worker for file content cache (C:\Users\L-63\.gradle\caches\7.5\fileContent)" [_thread_blocked, id=12312, stack(0x0000005790100000,0x0000005790200000)]
  0x0000022a74ea3800 JavaThread "Cache worker for execution history cache (C:\Users\L-63\.gradle\caches\7.5\executionHistory)" [_thread_blocked, id=2460, stack(0x0000005790400000,0x0000005790500000)]
  0x0000022a74ea6000 JavaThread "jar transforms" [_thread_blocked, id=9200, stack(0x0000005790600000,0x0000005790700000)]
  0x0000022a74ea0800 JavaThread "jar transforms Thread 2" [_thread_blocked, id=6980, stack(0x0000005790700000,0x0000005790800000)]
  0x0000022a74ead800 JavaThread "jar transforms Thread 3" [_thread_blocked, id=6992, stack(0x0000005790500000,0x0000005790600000)]
  0x0000022a74eab800 JavaThread "jar transforms Thread 4" [_thread_blocked, id=12560, stack(0x0000005790800000,0x0000005790900000)]
  0x0000022a77786000 JavaThread "Memory manager" [_thread_blocked, id=6964, stack(0x000000578db00000,0x000000578dc00000)]
  0x0000022a77787000 JavaThread "Cache worker for kotlin-dsl (C:\Users\L-63\.gradle\caches\7.5\kotlin-dsl)" [_thread_blocked, id=7220, stack(0x0000005793300000,0x0000005793400000)]
  0x0000022a77788800 JavaThread "pool-3-thread-1" [_thread_blocked, id=5288, stack(0x0000005793400000,0x0000005793500000)]
  0x0000022a7d536000 JavaThread "ForkJoinPool.commonPool-worker-3" daemon [_thread_blocked, id=9620, stack(0x0000005793e00000,0x0000005793f00000)]
  0x0000022a7b7f4800 JavaThread "pool-7-thread-1" [_thread_blocked, id=7084, stack(0x0000005793200000,0x0000005793300000)]
  0x0000022a7d52f800 JavaThread "Daemon Thread 3" [_thread_blocked, id=8052, stack(0x000000578d900000,0x000000578da00000)]
  0x0000022a7d531800 JavaThread "Handler for socket connection from /127.0.0.1:4258 to /127.0.0.1:14267" [_thread_in_native, id=1788, stack(0x000000578da00000,0x000000578db00000)]
  0x0000022a7d530800 JavaThread "Cancel handler" [_thread_blocked, id=10460, stack(0x000000578f200000,0x000000578f300000)]
  0x0000022a7d532000 JavaThread "Daemon worker Thread 3" [_thread_blocked, id=6412, stack(0x000000578f300000,0x000000578f400000)]
  0x0000022a7d52e000 JavaThread "Asynchronous log dispatcher for DefaultDaemonConnection: socket connection from /127.0.0.1:4258 to /127.0.0.1:14267" [_thread_blocked, id=784, stack(0x000000578f400000,0x000000578f500000)]
  0x0000022a7d52f000 JavaThread "Stdin handler" [_thread_blocked, id=13168, stack(0x000000578f500000,0x000000578f600000)]
  0x0000022a7d52c800 JavaThread "Daemon client event forwarder" [_thread_blocked, id=1312, stack(0x000000578f600000,0x000000578f700000)]
  0x0000022a7d538800 JavaThread "Unconstrained build operations" [_thread_blocked, id=10796, stack(0x0000005790900000,0x0000005790a00000)]
  0x0000022a7d539800 JavaThread "Unconstrained build operations Thread 2" [_thread_blocked, id=11936, stack(0x0000005790a00000,0x0000005790b00000)]
  0x0000022a7d534000 JavaThread "Unconstrained build operations Thread 3" [_thread_blocked, id=12580, stack(0x0000005790b00000,0x0000005790c00000)]
  0x0000022a7d53a800 JavaThread "Unconstrained build operations Thread 4" [_thread_blocked, id=6064, stack(0x0000005790c00000,0x0000005790d00000)]
  0x0000022a7d53b000 JavaThread "Unconstrained build operations Thread 5" [_thread_blocked, id=9188, stack(0x0000005790d00000,0x0000005790e00000)]
  0x0000022a7777e000 JavaThread "Unconstrained build operations Thread 6" [_thread_blocked, id=12264, stack(0x0000005790e00000,0x0000005790f00000)]
  0x0000022a7777e800 JavaThread "Unconstrained build operations Thread 7" [_thread_blocked, id=4104, stack(0x0000005790f00000,0x0000005791000000)]
  0x0000022a7777f800 JavaThread "Unconstrained build operations Thread 8" [_thread_blocked, id=3184, stack(0x0000005791000000,0x0000005791100000)]
  0x0000022a7777b800 JavaThread "Unconstrained build operations Thread 9" [_thread_blocked, id=196, stack(0x0000005791100000,0x0000005791200000)]
  0x0000022a7777a000 JavaThread "Unconstrained build operations Thread 10" [_thread_blocked, id=4388, stack(0x0000005791200000,0x0000005791300000)]

Other Threads:
  0x0000022a7257d000 VMThread "VM Thread" [stack: 0x000000578e200000,0x000000578e300000] [id=1308]
  0x0000022a73076800 WatcherThread [stack: 0x000000578ec00000,0x000000578ed00000] [id=5004]
  0x0000022a59c9b800 GCTaskThread "GC Thread#0" [stack: 0x000000578dd00000,0x000000578de00000] [id=11412]
  0x0000022a7317b800 GCTaskThread "GC Thread#1" [stack: 0x000000578ee00000,0x000000578ef00000] [id=5280]
  0x0000022a73a1f000 GCTaskThread "GC Thread#2" [stack: 0x000000578ef00000,0x000000578f000000] [id=6812]
  0x0000022a7515c800 GCTaskThread "GC Thread#3" [stack: 0x000000578fa00000,0x000000578fb00000] [id=3476]
  0x0000022a59cc2000 ConcurrentGCThread "G1 Main Marker" [stack: 0x000000578de00000,0x000000578df00000] [id=3968]
  0x0000022a59cc3800 ConcurrentGCThread "G1 Conc#0" [stack: 0x000000578df00000,0x000000578e000000] [id=2608]
  0x0000022a59d51800 ConcurrentGCThread "G1 Refine#0" [stack: 0x000000578e000000,0x000000578e100000] [id=10684]
  0x0000022a59d52800 ConcurrentGCThread "G1 Young RemSet Sampling" [stack: 0x000000578e100000,0x000000578e200000] [id=9436]

Threads with active compile tasks:
C2 CompilerThread02815854 15034   !   4       java.io.ObjectOutputStream::writeObject0 (619 bytes)

VM state:not at safepoint (normal execution)

VM Mutex/Monitor currently owned by a thread: None

OutOfMemory and StackOverflow Exception counts:
OutOfMemoryError java_heap_errors=1
LinkageErrors=125

Heap address: 0x00000000a0000000, size: 1536 MB, Compressed Oops mode: 32-bit
Narrow klass base: 0x0000000000000000, Narrow klass shift: 3
Compressed class space size: 1073741824 Address: 0x0000000100000000

Heap:
 garbage-first heap   total 200704K, used 144597K [0x00000000a0000000, 0x0000000100000000)
  region size 1024K, 42 young (43008K), 6 survivors (6144K)
 Metaspace       used 108561K, capacity 111572K, committed 111696K, reserved 1146880K
  class space    used 13662K, capacity 14759K, committed 14848K, reserved 1048576K
Heap Regions: E=young(eden), S=young(survivor), O=old, HS=humongous(starts), HC=humongous(continues), CS=collection set, F=free, A=archive, TAMS=top-at-mark-start (previous, next)
|   0|0x00000000a0000000, 0x00000000a0100000, 0x00000000a0100000|100%|HS|  |TAMS 0x00000000a0100000, 0x00000000a0000000| Complete 
|   1|0x00000000a0100000, 0x00000000a0200000, 0x00000000a0200000|100%|HC|  |TAMS 0x00000000a0200000, 0x00000000a0100000| Complete 
|   2|0x00000000a0200000, 0x00000000a0300000, 0x00000000a0300000|100%|HC|  |TAMS 0x00000000a0300000, 0x00000000a0200000| Complete 
|   3|0x00000000a0300000, 0x00000000a0400000, 0x00000000a0400000|100%| O|  |TAMS 0x00000000a0400000, 0x00000000a0300000| Untracked 
|   4|0x00000000a0400000, 0x00000000a0500000, 0x00000000a0500000|100%| O|  |TAMS 0x00000000a0500000, 0x00000000a0400000| Untracked 
|   5|0x00000000a0500000, 0x00000000a0600000, 0x00000000a0600000|100%| O|  |TAMS 0x00000000a0600000, 0x00000000a0500000| Untracked 
|   6|0x00000000a0600000, 0x00000000a0700000, 0x00000000a0700000|100%| O|  |TAMS 0x00000000a0700000, 0x00000000a0600000| Untracked 
|   7|0x00000000a0700000, 0x00000000a0800000, 0x00000000a0800000|100%| O|  |TAMS 0x00000000a0800000, 0x00000000a0700000| Complete 
|   8|0x00000000a0800000, 0x00000000a0900000, 0x00000000a0900000|100%| O|  |TAMS 0x00000000a0900000, 0x00000000a0800000| Complete 
|   9|0x00000000a0900000, 0x00000000a0a00000, 0x00000000a0a00000|100%| O|  |TAMS 0x00000000a0a00000, 0x00000000a0900000| Untracked 
|  10|0x00000000a0a00000, 0x00000000a0b00000, 0x00000000a0b00000|100%| O|  |TAMS 0x00000000a0b00000, 0x00000000a0a00000| Untracked 
|  11|0x00000000a0b00000, 0x00000000a0c00000, 0x00000000a0c00000|100%| O|  |TAMS 0x00000000a0c00000, 0x00000000a0b00000| Untracked 
|  12|0x00000000a0c00000, 0x00000000a0d00000, 0x00000000a0d00000|100%| O|  |TAMS 0x00000000a0d00000, 0x00000000a0c00000| Untracked 
|  13|0x00000000a0d00000, 0x00000000a0e00000, 0x00000000a0e00000|100%| O|  |TAMS 0x00000000a0e00000, 0x00000000a0d00000| Complete 
|  14|0x00000000a0e00000, 0x00000000a0f00000, 0x00000000a0f00000|100%| O|  |TAMS 0x00000000a0f00000, 0x00000000a0e00000| Untracked 
|  15|0x00000000a0f00000, 0x00000000a1000000, 0x00000000a1000000|100%| O|  |TAMS 0x00000000a1000000, 0x00000000a0f00000| Complete 
|  16|0x00000000a1000000, 0x00000000a1100000, 0x00000000a1100000|100%| O|  |TAMS 0x00000000a1100000, 0x00000000a1000000| Untracked 
|  17|0x00000000a1100000, 0x00000000a1200000, 0x00000000a1200000|100%|HS|  |TAMS 0x00000000a1200000, 0x00000000a1100000| Complete 
|  18|0x00000000a1200000, 0x00000000a1300000, 0x00000000a1300000|100%| O|  |TAMS 0x00000000a1300000, 0x00000000a1200000| Complete 
|  19|0x00000000a1300000, 0x00000000a1400000, 0x00000000a1400000|100%| O|  |TAMS 0x00000000a1400000, 0x00000000a1300000| Complete 
|  20|0x00000000a1400000, 0x00000000a1500000, 0x00000000a1500000|100%| O|  |TAMS 0x00000000a1500000, 0x00000000a1400000| Complete 
|  21|0x00000000a1500000, 0x00000000a1600000, 0x00000000a1600000|100%| O|  |TAMS 0x00000000a1600000, 0x00000000a1500000| Complete 
|  22|0x00000000a1600000, 0x00000000a1700000, 0x00000000a1700000|100%| O|  |TAMS 0x00000000a1700000, 0x00000000a1600000| Complete 
|  23|0x00000000a1700000, 0x00000000a1800000, 0x00000000a1800000|100%| O|  |TAMS 0x00000000a1800000, 0x00000000a1700000| Untracked 
|  24|0x00000000a1800000, 0x00000000a1900000, 0x00000000a1900000|100%| O|  |TAMS 0x00000000a1900000, 0x00000000a1800000| Complete 
|  25|0x00000000a1900000, 0x00000000a1a00000, 0x00000000a1a00000|100%| O|  |TAMS 0x00000000a1a00000, 0x00000000a1900000| Untracked 
|  26|0x00000000a1a00000, 0x00000000a1b00000, 0x00000000a1b00000|100%| O|  |TAMS 0x00000000a1b00000, 0x00000000a1a00000| Complete 
|  27|0x00000000a1b00000, 0x00000000a1c00000, 0x00000000a1c00000|100%| O|  |TAMS 0x00000000a1c00000, 0x00000000a1b00000| Complete 
|  28|0x00000000a1c00000, 0x00000000a1d00000, 0x00000000a1d00000|100%|HS|  |TAMS 0x00000000a1d00000, 0x00000000a1c00000| Complete 
|  29|0x00000000a1d00000, 0x00000000a1e00000, 0x00000000a1e00000|100%|HS|  |TAMS 0x00000000a1e00000, 0x00000000a1d00000| Complete 
|  30|0x00000000a1e00000, 0x00000000a1f00000, 0x00000000a1f00000|100%|HS|  |TAMS 0x00000000a1f00000, 0x00000000a1e00000| Complete 
|  31|0x00000000a1f00000, 0x00000000a2000000, 0x00000000a2000000|100%|HC|  |TAMS 0x00000000a2000000, 0x00000000a1f00000| Complete 
|  32|0x00000000a2000000, 0x00000000a2100000, 0x00000000a2100000|100%|HC|  |TAMS 0x00000000a2100000, 0x00000000a2000000| Complete 
|  33|0x00000000a2100000, 0x00000000a2200000, 0x00000000a2200000|100%|HS|  |TAMS 0x00000000a2200000, 0x00000000a2100000| Complete 
|  34|0x00000000a2200000, 0x00000000a2300000, 0x00000000a2300000|100%|HC|  |TAMS 0x00000000a2300000, 0x00000000a2200000| Complete 
|  35|0x00000000a2300000, 0x00000000a2400000, 0x00000000a2400000|100%| O|  |TAMS 0x00000000a2400000, 0x00000000a2300000| Complete 
|  36|0x00000000a2400000, 0x00000000a2500000, 0x00000000a2500000|100%| O|  |TAMS 0x00000000a2500000, 0x00000000a2400000| Complete 
|  37|0x00000000a2500000, 0x00000000a2600000, 0x00000000a2600000|100%| O|  |TAMS 0x00000000a2600000, 0x00000000a2500000| Complete 
|  38|0x00000000a2600000, 0x00000000a2700000, 0x00000000a2700000|100%| O|  |TAMS 0x00000000a2700000, 0x00000000a2600000| Complete 
|  39|0x00000000a2700000, 0x00000000a2800000, 0x00000000a2800000|100%| O|  |TAMS 0x00000000a2800000, 0x00000000a2700000| Complete 
|  40|0x00000000a2800000, 0x00000000a2900000, 0x00000000a2900000|100%| O|  |TAMS 0x00000000a2900000, 0x00000000a2800000| Untracked 
|  41|0x00000000a2900000, 0x00000000a2a00000, 0x00000000a2a00000|100%| O|  |TAMS 0x00000000a2a00000, 0x00000000a2900000| Untracked 
|  42|0x00000000a2a00000, 0x00000000a2b00000, 0x00000000a2b00000|100%| O|  |TAMS 0x00000000a2b00000, 0x00000000a2a00000| Untracked 
|  43|0x00000000a2b00000, 0x00000000a2c00000, 0x00000000a2c00000|100%| O|  |TAMS 0x00000000a2c00000, 0x00000000a2b00000| Untracked 
|  44|0x00000000a2c00000, 0x00000000a2d00000, 0x00000000a2d00000|100%| O|  |TAMS 0x00000000a2d00000, 0x00000000a2c00000| Untracked 
|  45|0x00000000a2d00000, 0x00000000a2e00000, 0x00000000a2e00000|100%| O|  |TAMS 0x00000000a2e00000, 0x00000000a2d00000| Untracked 
|  46|0x00000000a2e00000, 0x00000000a2f00000, 0x00000000a2f00000|100%| O|  |TAMS 0x00000000a2f00000, 0x00000000a2e00000| Complete 
|  47|0x00000000a2f00000, 0x00000000a3000000, 0x00000000a3000000|100%| O|  |TAMS 0x00000000a3000000, 0x00000000a2f00000| Complete 
|  48|0x00000000a3000000, 0x00000000a3100000, 0x00000000a3100000|100%| O|  |TAMS 0x00000000a3100000, 0x00000000a3000000| Complete 
|  49|0x00000000a3100000, 0x00000000a3200000, 0x00000000a3200000|100%|HS|  |TAMS 0x00000000a3200000, 0x00000000a3100000| Complete 
|  50|0x00000000a3200000, 0x00000000a3300000, 0x00000000a3300000|100%| O|  |TAMS 0x00000000a3300000, 0x00000000a3200000| Complete 
|  51|0x00000000a3300000, 0x00000000a3400000, 0x00000000a3400000|100%| O|  |TAMS 0x00000000a3400000, 0x00000000a3300000| Untracked 
|  52|0x00000000a3400000, 0x00000000a3500000, 0x00000000a3500000|100%| O|  |TAMS 0x00000000a3500000, 0x00000000a3400000| Complete 
|  53|0x00000000a3500000, 0x00000000a3600000, 0x00000000a3600000|100%| O|  |TAMS 0x00000000a3600000, 0x00000000a3500000| Complete 
|  54|0x00000000a3600000, 0x00000000a3700000, 0x00000000a3700000|100%| O|  |TAMS 0x00000000a3700000, 0x00000000a3600000| Complete 
|  55|0x00000000a3700000, 0x00000000a3800000, 0x00000000a3800000|100%|HS|  |TAMS 0x00000000a3800000, 0x00000000a3700000| Complete 
|  56|0x00000000a3800000, 0x00000000a3900000, 0x00000000a3900000|100%| O|  |TAMS 0x00000000a3900000, 0x00000000a3800000| Complete 
|  57|0x00000000a3900000, 0x00000000a3a00000, 0x00000000a3a00000|100%| O|  |TAMS 0x00000000a3a00000, 0x00000000a3900000| Complete 
|  58|0x00000000a3a00000, 0x00000000a3a35400, 0x00000000a3b00000| 20%| O|  |TAMS 0x00000000a3a35400, 0x00000000a3a00000| Untracked 
|  59|0x00000000a3b00000, 0x00000000a3b00000, 0x00000000a3c00000|  0%| F|  |TAMS 0x00000000a3b00000, 0x00000000a3b00000| Untracked 
|  60|0x00000000a3c00000, 0x00000000a3d00000, 0x00000000a3d00000|100%| O|  |TAMS 0x00000000a3d00000, 0x00000000a3c00000| Complete 
|  61|0x00000000a3d00000, 0x00000000a3e00000, 0x00000000a3e00000|100%| O|  |TAMS 0x00000000a3e00000, 0x00000000a3d00000| Untracked 
|  62|0x00000000a3e00000, 0x00000000a3f00000, 0x00000000a3f00000|100%| O|  |TAMS 0x00000000a3f00000, 0x00000000a3e00000| Untracked 
|  63|0x00000000a3f00000, 0x00000000a4000000, 0x00000000a4000000|100%| O|  |TAMS 0x00000000a4000000, 0x00000000a3f00000| Complete 
|  64|0x00000000a4000000, 0x00000000a4000000, 0x00000000a4100000|  0%| F|  |TAMS 0x00000000a4000000, 0x00000000a4000000| Untracked 
|  65|0x00000000a4100000, 0x00000000a4100000, 0x00000000a4200000|  0%| F|  |TAMS 0x00000000a4100000, 0x00000000a4100000| Untracked 
|  66|0x00000000a4200000, 0x00000000a4200000, 0x00000000a4300000|  0%| F|  |TAMS 0x00000000a4200000, 0x00000000a4200000| Untracked 
|  67|0x00000000a4300000, 0x00000000a4300000, 0x00000000a4400000|  0%| F|  |TAMS 0x00000000a4300000, 0x00000000a4300000| Untracked 
|  68|0x00000000a4400000, 0x00000000a4500000, 0x00000000a4500000|100%| O|  |TAMS 0x00000000a4500000, 0x00000000a4400000| Complete 
|  69|0x00000000a4500000, 0x00000000a4600000, 0x00000000a4600000|100%| O|  |TAMS 0x00000000a4600000, 0x00000000a4500000| Complete 
|  70|0x00000000a4600000, 0x00000000a4700000, 0x00000000a4700000|100%| O|  |TAMS 0x00000000a4700000, 0x00000000a4600000| Complete 
|  71|0x00000000a4700000, 0x00000000a4700000, 0x00000000a4800000|  0%| F|  |TAMS 0x00000000a4700000, 0x00000000a4700000| Untracked 
|  72|0x00000000a4800000, 0x00000000a4900000, 0x00000000a4900000|100%| O|  |TAMS 0x00000000a4900000, 0x00000000a4800000| Complete 
|  73|0x00000000a4900000, 0x00000000a4a00000, 0x00000000a4a00000|100%| O|  |TAMS 0x00000000a4a00000, 0x00000000a4900000| Complete 
|  74|0x00000000a4a00000, 0x00000000a4b00000, 0x00000000a4b00000|100%| O|  |TAMS 0x00000000a4b00000, 0x00000000a4a00000| Complete 
|  75|0x00000000a4b00000, 0x00000000a4b00000, 0x00000000a4c00000|  0%| F|  |TAMS 0x00000000a4b00000, 0x00000000a4b00000| Untracked 
|  76|0x00000000a4c00000, 0x00000000a4d00000, 0x00000000a4d00000|100%| O|  |TAMS 0x00000000a4d00000, 0x00000000a4c00000| Complete 
|  77|0x00000000a4d00000, 0x00000000a4e00000, 0x00000000a4e00000|100%| O|  |TAMS 0x00000000a4e00000, 0x00000000a4d00000| Complete 
|  78|0x00000000a4e00000, 0x00000000a4f00000, 0x00000000a4f00000|100%| O|  |TAMS 0x00000000a4f00000, 0x00000000a4e00000| Complete 
|  79|0x00000000a4f00000, 0x00000000a4f00000, 0x00000000a5000000|  0%| F|  |TAMS 0x00000000a4f00000, 0x00000000a4f00000| Untracked 
|  80|0x00000000a5000000, 0x00000000a5100000, 0x00000000a5100000|100%| O|  |TAMS 0x00000000a5100000, 0x00000000a5000000| Complete 
|  81|0x00000000a5100000, 0x00000000a5100000, 0x00000000a5200000|  0%| F|  |TAMS 0x00000000a5100000, 0x00000000a5100000| Untracked 
|  82|0x00000000a5200000, 0x00000000a5200000, 0x00000000a5300000|  0%| F|  |TAMS 0x00000000a5200000, 0x00000000a5200000| Untracked 
|  83|0x00000000a5300000, 0x00000000a5400000, 0x00000000a5400000|100%| O|  |TAMS 0x00000000a5400000, 0x00000000a5300000| Complete 
|  84|0x00000000a5400000, 0x00000000a5500000, 0x00000000a5500000|100%| O|  |TAMS 0x00000000a5500000, 0x00000000a5400000| Complete 
|  85|0x00000000a5500000, 0x00000000a5600000, 0x00000000a5600000|100%| O|  |TAMS 0x00000000a5600000, 0x00000000a5500000| Complete 
|  86|0x00000000a5600000, 0x00000000a5700000, 0x00000000a5700000|100%| O|  |TAMS 0x00000000a5700000, 0x00000000a5600000| Complete 
|  87|0x00000000a5700000, 0x00000000a5800000, 0x00000000a5800000|100%| O|  |TAMS 0x00000000a5800000, 0x00000000a5700000| Untracked 
|  88|0x00000000a5800000, 0x00000000a5900000, 0x00000000a5900000|100%| O|  |TAMS 0x00000000a5900000, 0x00000000a5800000| Complete 
|  89|0x00000000a5900000, 0x00000000a5a00000, 0x00000000a5a00000|100%| O|  |TAMS 0x00000000a5a00000, 0x00000000a5900000| Complete 
|  90|0x00000000a5a00000, 0x00000000a5a00000, 0x00000000a5b00000|  0%| F|  |TAMS 0x00000000a5a00000, 0x00000000a5a00000| Untracked 
|  91|0x00000000a5b00000, 0x00000000a5b00000, 0x00000000a5c00000|  0%| F|  |TAMS 0x00000000a5b00000, 0x00000000a5b00000| Untracked 
|  92|0x00000000a5c00000, 0x00000000a5d00000, 0x00000000a5d00000|100%| O|  |TAMS 0x00000000a5d00000, 0x00000000a5c00000| Complete 
|  93|0x00000000a5d00000, 0x00000000a5e00000, 0x00000000a5e00000|100%| O|  |TAMS 0x00000000a5e00000, 0x00000000a5d00000| Complete 
|  94|0x00000000a5e00000, 0x00000000a5f00000, 0x00000000a5f00000|100%| O|  |TAMS 0x00000000a5f00000, 0x00000000a5e00000| Complete 
|  95|0x00000000a5f00000, 0x00000000a6000000, 0x00000000a6000000|100%| O|  |TAMS 0x00000000a6000000, 0x00000000a5f00000| Complete 
|  96|0x00000000a6000000, 0x00000000a6000000, 0x00000000a6100000|  0%| F|  |TAMS 0x00000000a6000000, 0x00000000a6000000| Untracked 
|  97|0x00000000a6100000, 0x00000000a6100000, 0x00000000a6200000|  0%| F|  |TAMS 0x00000000a6100000, 0x00000000a6100000| Untracked 
|  98|0x00000000a6200000, 0x00000000a6200000, 0x00000000a6300000|  0%| F|  |TAMS 0x00000000a6200000, 0x00000000a6200000| Untracked 
|  99|0x00000000a6300000, 0x00000000a6400000, 0x00000000a6400000|100%| O|  |TAMS 0x00000000a6400000, 0x00000000a6300000| Complete 
| 100|0x00000000a6400000, 0x00000000a6400000, 0x00000000a6500000|  0%| F|  |TAMS 0x00000000a6400000, 0x00000000a6400000| Untracked 
| 101|0x00000000a6500000, 0x00000000a6500000, 0x00000000a6600000|  0%| F|  |TAMS 0x00000000a6500000, 0x00000000a6500000| Untracked 
| 102|0x00000000a6600000, 0x00000000a6600000, 0x00000000a6700000|  0%| F|  |TAMS 0x00000000a6600000, 0x00000000a6600000| Untracked 
| 103|0x00000000a6700000, 0x00000000a6800000, 0x00000000a6800000|100%| O|  |TAMS 0x00000000a6800000, 0x00000000a6700000| Complete 
| 104|0x00000000a6800000, 0x00000000a6900000, 0x00000000a6900000|100%| O|  |TAMS 0x00000000a6900000, 0x00000000a6800000| Untracked 
| 105|0x00000000a6900000, 0x00000000a6a00000, 0x00000000a6a00000|100%| O|  |TAMS 0x00000000a6a00000, 0x00000000a6900000| Untracked 
| 106|0x00000000a6a00000, 0x00000000a6b00000, 0x00000000a6b00000|100%| O|  |TAMS 0x00000000a6b00000, 0x00000000a6a00000| Complete 
| 107|0x00000000a6b00000, 0x00000000a6c00000, 0x00000000a6c00000|100%| O|  |TAMS 0x00000000a6c00000, 0x00000000a6b00000| Complete 
| 108|0x00000000a6c00000, 0x00000000a6d00000, 0x00000000a6d00000|100%| O|  |TAMS 0x00000000a6d00000, 0x00000000a6c00000| Complete 
| 109|0x00000000a6d00000, 0x00000000a6e00000, 0x00000000a6e00000|100%| O|  |TAMS 0x00000000a6e00000, 0x00000000a6d00000| Untracked 
| 110|0x00000000a6e00000, 0x00000000a6f00000, 0x00000000a6f00000|100%| O|  |TAMS 0x00000000a6f00000, 0x00000000a6e00000| Untracked 
| 111|0x00000000a6f00000, 0x00000000a7000000, 0x00000000a7000000|100%| O|  |TAMS 0x00000000a7000000, 0x00000000a6f00000| Untracked 
| 112|0x00000000a7000000, 0x00000000a7100000, 0x00000000a7100000|100%| O|  |TAMS 0x00000000a7100000, 0x00000000a7000000| Untracked 
| 113|0x00000000a7100000, 0x00000000a7200000, 0x00000000a7200000|100%| O|  |TAMS 0x00000000a7200000, 0x00000000a7100000| Untracked 
| 114|0x00000000a7200000, 0x00000000a7300000, 0x00000000a7300000|100%| O|  |TAMS 0x00000000a7300000, 0x00000000a7200000| Complete 
| 115|0x00000000a7300000, 0x00000000a7400000, 0x00000000a7400000|100%| O|  |TAMS 0x00000000a7400000, 0x00000000a7300000| Untracked 
| 116|0x00000000a7400000, 0x00000000a7500000, 0x00000000a7500000|100%| O|  |TAMS 0x00000000a7500000, 0x00000000a7400000| Untracked 
| 117|0x00000000a7500000, 0x00000000a7600000, 0x00000000a7600000|100%| O|  |TAMS 0x00000000a7600000, 0x00000000a7500000| Complete 
| 118|0x00000000a7600000, 0x00000000a7700000, 0x00000000a7700000|100%| O|  |TAMS 0x00000000a7700000, 0x00000000a7600000| Complete 
| 119|0x00000000a7700000, 0x00000000a7800000, 0x00000000a7800000|100%| O|  |TAMS 0x00000000a7800000, 0x00000000a7700000| Complete 
| 120|0x00000000a7800000, 0x00000000a7800000, 0x00000000a7900000|  0%| F|  |TAMS 0x00000000a7800000, 0x00000000a7800000| Untracked 
| 121|0x00000000a7900000, 0x00000000a7900000, 0x00000000a7a00000|  0%| F|  |TAMS 0x00000000a7900000, 0x00000000a7900000| Untracked 
| 122|0x00000000a7a00000, 0x00000000a7a00000, 0x00000000a7b00000|  0%| F|  |TAMS 0x00000000a7a00000, 0x00000000a7a00000| Untracked 
| 123|0x00000000a7b00000, 0x00000000a7b00000, 0x00000000a7c00000|  0%| F|  |TAMS 0x00000000a7b00000, 0x00000000a7b00000| Untracked 
| 124|0x00000000a7c00000, 0x00000000a7c00000, 0x00000000a7d00000|  0%| F|  |TAMS 0x00000000a7c00000, 0x00000000a7c00000| Untracked 
| 125|0x00000000a7d00000, 0x00000000a7d00000, 0x00000000a7e00000|  0%| F|  |TAMS 0x00000000a7d00000, 0x00000000a7d00000| Untracked 
| 126|0x00000000a7e00000, 0x00000000a7e00000, 0x00000000a7f00000|  0%| F|  |TAMS 0x00000000a7e00000, 0x00000000a7e00000| Untracked 
| 127|0x00000000a7f00000, 0x00000000a7f00000, 0x00000000a8000000|  0%| F|  |TAMS 0x00000000a7f00000, 0x00000000a7f00000| Untracked 
| 128|0x00000000a8000000, 0x00000000a8000000, 0x00000000a8100000|  0%| F|  |TAMS 0x00000000a8000000, 0x00000000a8000000| Untracked 
| 129|0x00000000a8100000, 0x00000000a8100000, 0x00000000a8200000|  0%| F|  |TAMS 0x00000000a8100000, 0x00000000a8100000| Untracked 
| 130|0x00000000a8200000, 0x00000000a8200000, 0x00000000a8300000|  0%| F|  |TAMS 0x00000000a8200000, 0x00000000a8200000| Untracked 
| 131|0x00000000a8300000, 0x00000000a8300000, 0x00000000a8400000|  0%| F|  |TAMS 0x00000000a8300000, 0x00000000a8300000| Untracked 
| 132|0x00000000a8400000, 0x00000000a8400000, 0x00000000a8500000|  0%| F|  |TAMS 0x00000000a8400000, 0x00000000a8400000| Untracked 
| 133|0x00000000a8500000, 0x00000000a8500000, 0x00000000a8600000|  0%| F|  |TAMS 0x00000000a8500000, 0x00000000a8500000| Untracked 
| 134|0x00000000a8600000, 0x00000000a8600000, 0x00000000a8700000|  0%| F|  |TAMS 0x00000000a8600000, 0x00000000a8600000| Untracked 
| 135|0x00000000a8700000, 0x00000000a8700000, 0x00000000a8800000|  0%| F|  |TAMS 0x00000000a8700000, 0x00000000a8700000| Untracked 
| 136|0x00000000a8800000, 0x00000000a8800000, 0x00000000a8900000|  0%| F|  |TAMS 0x00000000a8800000, 0x00000000a8800000| Untracked 
| 137|0x00000000a8900000, 0x00000000a8900000, 0x00000000a8a00000|  0%| F|  |TAMS 0x00000000a8900000, 0x00000000a8900000| Untracked 
| 138|0x00000000a8a00000, 0x00000000a8a00000, 0x00000000a8b00000|  0%| F|  |TAMS 0x00000000a8a00000, 0x00000000a8a00000| Untracked 
| 139|0x00000000a8b00000, 0x00000000a8b00000, 0x00000000a8c00000|  0%| F|  |TAMS 0x00000000a8b00000, 0x00000000a8b00000| Untracked 
| 140|0x00000000a8c00000, 0x00000000a8c00000, 0x00000000a8d00000|  0%| F|  |TAMS 0x00000000a8c00000, 0x00000000a8c00000| Untracked 
| 141|0x00000000a8d00000, 0x00000000a8d00000, 0x00000000a8e00000|  0%| F|  |TAMS 0x00000000a8d00000, 0x00000000a8d00000| Untracked 
| 142|0x00000000a8e00000, 0x00000000a8e00000, 0x00000000a8f00000|  0%| F|  |TAMS 0x00000000a8e00000, 0x00000000a8e00000| Untracked 
| 143|0x00000000a8f00000, 0x00000000a9000000, 0x00000000a9000000|100%| S|CS|TAMS 0x00000000a8f00000, 0x00000000a8f00000| Complete 
| 144|0x00000000a9000000, 0x00000000a9100000, 0x00000000a9100000|100%| S|CS|TAMS 0x00000000a9000000, 0x00000000a9000000| Complete 
| 145|0x00000000a9100000, 0x00000000a9200000, 0x00000000a9200000|100%| S|CS|TAMS 0x00000000a9100000, 0x00000000a9100000| Complete 
| 146|0x00000000a9200000, 0x00000000a9300000, 0x00000000a9300000|100%| S|CS|TAMS 0x00000000a9200000, 0x00000000a9200000| Complete 
| 147|0x00000000a9300000, 0x00000000a9400000, 0x00000000a9400000|100%| S|CS|TAMS 0x00000000a9300000, 0x00000000a9300000| Complete 
| 148|0x00000000a9400000, 0x00000000a9500000, 0x00000000a9500000|100%| S|CS|TAMS 0x00000000a9400000, 0x00000000a9400000| Complete 
| 149|0x00000000a9500000, 0x00000000a9500000, 0x00000000a9600000|  0%| F|  |TAMS 0x00000000a9500000, 0x00000000a9500000| Untracked 
| 150|0x00000000a9600000, 0x00000000a9600000, 0x00000000a9700000|  0%| F|  |TAMS 0x00000000a9600000, 0x00000000a9600000| Untracked 
| 151|0x00000000a9700000, 0x00000000a9700000, 0x00000000a9800000|  0%| F|  |TAMS 0x00000000a9700000, 0x00000000a9700000| Untracked 
| 152|0x00000000a9800000, 0x00000000a9800000, 0x00000000a9900000|  0%| F|  |TAMS 0x00000000a9800000, 0x00000000a9800000| Untracked 
| 153|0x00000000a9900000, 0x00000000a9900000, 0x00000000a9a00000|  0%| F|  |TAMS 0x00000000a9900000, 0x00000000a9900000| Untracked 
| 154|0x00000000a9a00000, 0x00000000a9a00000, 0x00000000a9b00000|  0%| F|  |TAMS 0x00000000a9a00000, 0x00000000a9a00000| Untracked 
| 155|0x00000000a9b00000, 0x00000000a9b00000, 0x00000000a9c00000|  0%| F|  |TAMS 0x00000000a9b00000, 0x00000000a9b00000| Untracked 
| 156|0x00000000a9c00000, 0x00000000a9c00000, 0x00000000a9d00000|  0%| F|  |TAMS 0x00000000a9c00000, 0x00000000a9c00000| Untracked 
| 157|0x00000000a9d00000, 0x00000000a9d00000, 0x00000000a9e00000|  0%| F|  |TAMS 0x00000000a9d00000, 0x00000000a9d00000| Untracked 
| 158|0x00000000a9e00000, 0x00000000a9e00000, 0x00000000a9f00000|  0%| F|  |TAMS 0x00000000a9e00000, 0x00000000a9e00000| Untracked 
| 159|0x00000000a9f00000, 0x00000000a9f00000, 0x00000000aa000000|  0%| F|  |TAMS 0x00000000a9f00000, 0x00000000a9f00000| Untracked 
| 160|0x00000000aa000000, 0x00000000aa0f2878, 0x00000000aa100000| 94%| E|  |TAMS 0x00000000aa000000, 0x00000000aa000000| Complete 
| 161|0x00000000aa100000, 0x00000000aa200000, 0x00000000aa200000|100%| E|CS|TAMS 0x00000000aa100000, 0x00000000aa100000| Complete 
| 162|0x00000000aa200000, 0x00000000aa300000, 0x00000000aa300000|100%| E|CS|TAMS 0x00000000aa200000, 0x00000000aa200000| Complete 
| 163|0x00000000aa300000, 0x00000000aa400000, 0x00000000aa400000|100%| E|CS|TAMS 0x00000000aa300000, 0x00000000aa300000| Complete 
| 164|0x00000000aa400000, 0x00000000aa500000, 0x00000000aa500000|100%| E|  |TAMS 0x00000000aa400000, 0x00000000aa400000| Complete 
| 165|0x00000000aa500000, 0x00000000aa600000, 0x00000000aa600000|100%| E|CS|TAMS 0x00000000aa500000, 0x00000000aa500000| Complete 
| 166|0x00000000aa600000, 0x00000000aa700000, 0x00000000aa700000|100%| E|CS|TAMS 0x00000000aa600000, 0x00000000aa600000| Complete 
| 167|0x00000000aa700000, 0x00000000aa800000, 0x00000000aa800000|100%| E|CS|TAMS 0x00000000aa700000, 0x00000000aa700000| Complete 
| 168|0x00000000aa800000, 0x00000000aa900000, 0x00000000aa900000|100%| E|CS|TAMS 0x00000000aa800000, 0x00000000aa800000| Complete 
| 169|0x00000000aa900000, 0x00000000aaa00000, 0x00000000aaa00000|100%| E|CS|TAMS 0x00000000aa900000, 0x00000000aa900000| Complete 
| 170|0x00000000aaa00000, 0x00000000aab00000, 0x00000000aab00000|100%| E|CS|TAMS 0x00000000aaa00000, 0x00000000aaa00000| Complete 
| 171|0x00000000aab00000, 0x00000000aac00000, 0x00000000aac00000|100%| E|CS|TAMS 0x00000000aab00000, 0x00000000aab00000| Complete 
| 172|0x00000000aac00000, 0x00000000aad00000, 0x00000000aad00000|100%| E|CS|TAMS 0x00000000aac00000, 0x00000000aac00000| Complete 
| 173|0x00000000aad00000, 0x00000000aae00000, 0x00000000aae00000|100%| E|CS|TAMS 0x00000000aad00000, 0x00000000aad00000| Complete 
| 174|0x00000000aae00000, 0x00000000aaf00000, 0x00000000aaf00000|100%| E|CS|TAMS 0x00000000aae00000, 0x00000000aae00000| Complete 
| 175|0x00000000aaf00000, 0x00000000ab000000, 0x00000000ab000000|100%| E|CS|TAMS 0x00000000aaf00000, 0x00000000aaf00000| Complete 
| 176|0x00000000ab000000, 0x00000000ab100000, 0x00000000ab100000|100%| E|CS|TAMS 0x00000000ab000000, 0x00000000ab000000| Complete 
| 177|0x00000000ab100000, 0x00000000ab200000, 0x00000000ab200000|100%| E|CS|TAMS 0x00000000ab100000, 0x00000000ab100000| Complete 
| 178|0x00000000ab200000, 0x00000000ab300000, 0x00000000ab300000|100%| E|CS|TAMS 0x00000000ab200000, 0x00000000ab200000| Complete 
| 179|0x00000000ab300000, 0x00000000ab400000, 0x00000000ab400000|100%| E|CS|TAMS 0x00000000ab300000, 0x00000000ab300000| Complete 
| 180|0x00000000ab400000, 0x00000000ab500000, 0x00000000ab500000|100%| E|CS|TAMS 0x00000000ab400000, 0x00000000ab400000| Complete 
| 181|0x00000000ab500000, 0x00000000ab600000, 0x00000000ab600000|100%| E|CS|TAMS 0x00000000ab500000, 0x00000000ab500000| Complete 
| 182|0x00000000ab600000, 0x00000000ab700000, 0x00000000ab700000|100%| E|CS|TAMS 0x00000000ab600000, 0x00000000ab600000| Complete 
| 183|0x00000000ab700000, 0x00000000ab800000, 0x00000000ab800000|100%| E|CS|TAMS 0x00000000ab700000, 0x00000000ab700000| Complete 
| 184|0x00000000ab800000, 0x00000000ab900000, 0x00000000ab900000|100%| E|CS|TAMS 0x00000000ab800000, 0x00000000ab800000| Complete 
| 185|0x00000000ab900000, 0x00000000aba00000, 0x00000000aba00000|100%| E|CS|TAMS 0x00000000ab900000, 0x00000000ab900000| Complete 
| 186|0x00000000aba00000, 0x00000000abb00000, 0x00000000abb00000|100%| E|CS|TAMS 0x00000000aba00000, 0x00000000aba00000| Complete 
| 187|0x00000000abb00000, 0x00000000abc00000, 0x00000000abc00000|100%| E|CS|TAMS 0x00000000abb00000, 0x00000000abb00000| Complete 
| 188|0x00000000abc00000, 0x00000000abd00000, 0x00000000abd00000|100%| E|CS|TAMS 0x00000000abc00000, 0x00000000abc00000| Complete 
| 189|0x00000000abd00000, 0x00000000abe00000, 0x00000000abe00000|100%| E|CS|TAMS 0x00000000abd00000, 0x00000000abd00000| Complete 
| 190|0x00000000abe00000, 0x00000000abf00000, 0x00000000abf00000|100%| E|CS|TAMS 0x00000000abe00000, 0x00000000abe00000| Complete 
| 191|0x00000000abf00000, 0x00000000ac000000, 0x00000000ac000000|100%| E|CS|TAMS 0x00000000abf00000, 0x00000000abf00000| Complete 
| 192|0x00000000ac000000, 0x00000000ac100000, 0x00000000ac100000|100%| E|CS|TAMS 0x00000000ac000000, 0x00000000ac000000| Complete 
| 193|0x00000000ac100000, 0x00000000ac200000, 0x00000000ac200000|100%| E|CS|TAMS 0x00000000ac100000, 0x00000000ac100000| Complete 
| 194|0x00000000ac200000, 0x00000000ac300000, 0x00000000ac300000|100%| E|CS|TAMS 0x00000000ac200000, 0x00000000ac200000| Complete 
| 195|0x00000000ac300000, 0x00000000ac400000, 0x00000000ac400000|100%| E|CS|TAMS 0x00000000ac300000, 0x00000000ac300000| Complete 

Card table byte_map: [0x0000022a6caa0000,0x0000022a6cda0000] _byte_map_base: 0x0000022a6c5a0000

Marking Bits (Prev, Next): (CMBitMap*) 0x0000022a59cbb1c0, (CMBitMap*) 0x0000022a59cbb188
 Prev Bits: [0x0000022a6e8a0000, 0x0000022a700a0000)
 Next Bits: [0x0000022a6d0a0000, 0x0000022a6e8a0000)

Polling page: 0x0000022a57bf0000

Metaspace:

Usage:
  Non-class:     94.54 MB capacity,    92.67 MB ( 98%) used,     1.55 MB (  2%) free+waste,   322.50 KB ( <1%) overhead. 
      Class:     14.41 MB capacity,    13.34 MB ( 93%) used,   954.30 KB (  6%) free+waste,   142.31 KB ( <1%) overhead. 
       Both:    108.96 MB capacity,   106.02 MB ( 97%) used,     2.49 MB (  2%) free+waste,   464.81 KB ( <1%) overhead. 

Virtual space:
  Non-class space:       96.00 MB reserved,      94.58 MB ( 99%) committed 
      Class space:        1.00 GB reserved,      14.50 MB (  1%) committed 
             Both:        1.09 GB reserved,     109.08 MB ( 10%) committed 

Chunk freelists:
   Non-Class:  3.00 KB
       Class:  57.00 KB
        Both:  60.00 KB

MaxMetaspaceSize: 17179869184.00 GB
CompressedClassSpaceSize: 1.00 GB
Initial GC threshold: 20.80 MB
Current GC threshold: 181.38 MB
CDS: off

CodeHeap 'non-profiled nmethods': size=120064Kb used=10103Kb max_used=10103Kb free=109961Kb
 bounds [0x0000022a65260000, 0x0000022a65c40000, 0x0000022a6c7a0000]
CodeHeap 'profiled nmethods': size=120000Kb used=33767Kb max_used=33767Kb free=86232Kb
 bounds [0x0000022a5dd30000, 0x0000022a5fe30000, 0x0000022a65260000]
CodeHeap 'non-nmethods': size=5696Kb used=2411Kb max_used=2463Kb free=3284Kb
 bounds [0x0000022a5d7a0000, 0x0000022a5da20000, 0x0000022a5dd30000]
 total_blobs=15925 nmethods=14980 adapters=857
 compilation: enabled
              stopped_count=0, restarted_count=0
 full_count=0

Compilation events (20 events):
Event: 2812.766 Thread 0x0000022a725a6800 nmethod 15027 0x0000022a65c3cb90 code [0x0000022a65c3cd20, 0x0000022a65c3ce58]
Event: 2812.769 Thread 0x0000022a725ac800 15028       3       java.util.concurrent.ConcurrentHashMap$BaseIterator::remove (37 bytes)
Event: 2812.769 Thread 0x0000022a725ac800 nmethod 15028 0x0000022a5fe26210 code [0x0000022a5fe263e0, 0x0000022a5fe26658]
Event: 2812.771 Thread 0x0000022a725a6800 15029       4       java.io.ObjectOutputStream$BlockDataOutputStream::writeByte (33 bytes)
Event: 2812.772 Thread 0x0000022a725ac800 15031       3       java.lang.StackTraceElement::equals (122 bytes)
Event: 2812.773 Thread 0x0000022a725a6800 nmethod 15029 0x0000022a65c3cf10 code [0x0000022a65c3d0a0, 0x0000022a65c3d178]
Event: 2812.773 Thread 0x0000022a725a6800 15030       4       java.io.ObjectOutputStream$HandleTable::insert (39 bytes)
Event: 2812.773 Thread 0x0000022a725ac800 nmethod 15031 0x0000022a5fe26790 code [0x0000022a5fe26a20, 0x0000022a5fe276d8]
Event: 2812.773 Thread 0x0000022a725ac800 15035       3       java.util.Collections$EmptyList::listIterator (4 bytes)
Event: 2812.773 Thread 0x0000022a725ac800 nmethod 15035 0x0000022a5fe27990 code [0x0000022a5fe27b40, 0x0000022a5fe27c98]
Event: 2812.773 Thread 0x0000022a725ac800 15036       3       java.util.Collections::emptyListIterator (4 bytes)
Event: 2812.773 Thread 0x0000022a725ac800 nmethod 15036 0x0000022a5fe27d90 code [0x0000022a5fe27f40, 0x0000022a5fe28038]
Event: 2812.773 Thread 0x0000022a725ac800 15032       3       org.gradle.internal.serialize.StackTraceElementPlaceholder::<init> (88 bytes)
Event: 2812.775 Thread 0x0000022a725ac800 nmethod 15032 0x0000022a5fe28090 code [0x0000022a5fe28380, 0x0000022a5fe29298]
Event: 2812.775 Thread 0x0000022a725ac800 15033       3       java.io.ObjectStreamClass::getSuperDesc (9 bytes)
Event: 2812.777 Thread 0x0000022a725ac800 nmethod 15033 0x0000022a5fe29710 code [0x0000022a5fe298e0, 0x0000022a5fe29b48]
Event: 2812.777 Thread 0x0000022a725ac800 15037       1       java.util.concurrent.SynchronousQueue::isEmpty (2 bytes)
Event: 2812.777 Thread 0x0000022a725ac800 nmethod 15037 0x0000022a65c3d290 code [0x0000022a65c3d440, 0x0000022a65c3d4f8]
Event: 2812.780 Thread 0x0000022a725a6800 nmethod 15030 0x0000022a65c3d590 code [0x0000022a65c3d740, 0x0000022a65c3da28]
Event: 2812.780 Thread 0x0000022a725a6800 15034   !   4       java.io.ObjectOutputStream::writeObject0 (619 bytes)

GC Heap History (20 events):
Event: 303.259 GC heap before
{Heap before GC invocations=64 (full 0):
 garbage-first heap   total 200704K, used 129018K [0x00000000a0000000, 0x0000000100000000)
  region size 1024K, 2 young (2048K), 1 survivors (1024K)
 Metaspace       used 103377K, capacity 106326K, committed 106448K, reserved 1140736K
  class space    used 13317K, capacity 14463K, committed 14464K, reserved 1048576K
}
Event: 303.262 GC heap after
{Heap after GC invocations=65 (full 0):
 garbage-first heap   total 200704K, used 116709K [0x00000000a0000000, 0x0000000100000000)
  region size 1024K, 1 young (1024K), 1 survivors (1024K)
 Metaspace       used 103377K, capacity 106326K, committed 106448K, reserved 1140736K
  class space    used 13317K, capacity 14463K, committed 14464K, reserved 1048576K
}
Event: 303.793 GC heap before
{Heap before GC invocations=66 (full 0):
 garbage-first heap   total 200704K, used 128997K [0x00000000a0000000, 0x0000000100000000)
  region size 1024K, 2 young (2048K), 1 survivors (1024K)
 Metaspace       used 103377K, capacity 106326K, committed 106448K, reserved 1140736K
  class space    used 13317K, capacity 14463K, committed 14464K, reserved 1048576K
}
Event: 303.801 GC heap after
{Heap after GC invocations=67 (full 0):
 garbage-first heap   total 200704K, used 116705K [0x00000000a0000000, 0x0000000100000000)
  region size 1024K, 1 young (1024K), 1 survivors (1024K)
 Metaspace       used 103377K, capacity 106326K, committed 106448K, reserved 1140736K
  class space    used 13317K, capacity 14463K, committed 14464K, reserved 1048576K
}
Event: 304.147 GC heap before
{Heap before GC invocations=68 (full 0):
 garbage-first heap   total 200704K, used 131041K [0x00000000a0000000, 0x0000000100000000)
  region size 1024K, 2 young (2048K), 1 survivors (1024K)
 Metaspace       used 103377K, capacity 106326K, committed 106448K, reserved 1140736K
  class space    used 13317K, capacity 14463K, committed 14464K, reserved 1048576K
}
Event: 304.150 GC heap after
{Heap after GC invocations=69 (full 0):
 garbage-first heap   total 200704K, used 116708K [0x00000000a0000000, 0x0000000100000000)
  region size 1024K, 1 young (1024K), 1 survivors (1024K)
 Metaspace       used 103377K, capacity 106326K, committed 106448K, reserved 1140736K
  class space    used 13317K, capacity 14463K, committed 14464K, reserved 1048576K
}
Event: 304.525 GC heap before
{Heap before GC invocations=70 (full 0):
 garbage-first heap   total 200704K, used 133092K [0x00000000a0000000, 0x0000000100000000)
  region size 1024K, 2 young (2048K), 1 survivors (1024K)
 Metaspace       used 103377K, capacity 106326K, committed 106448K, reserved 1140736K
  class space    used 13317K, capacity 14463K, committed 14464K, reserved 1048576K
}
Event: 304.528 GC heap after
{Heap after GC invocations=71 (full 0):
 garbage-first heap   total 200704K, used 116709K [0x00000000a0000000, 0x0000000100000000)
  region size 1024K, 1 young (1024K), 1 survivors (1024K)
 Metaspace       used 103377K, capacity 106326K, committed 106448K, reserved 1140736K
  class space    used 13317K, capacity 14463K, committed 14464K, reserved 1048576K
}
Event: 314.946 GC heap before
{Heap before GC invocations=72 (full 0):
 garbage-first heap   total 200704K, used 191461K [0x00000000a0000000, 0x0000000100000000)
  region size 1024K, 33 young (33792K), 1 survivors (1024K)
 Metaspace       used 107015K, capacity 110129K, committed 110416K, reserved 1144832K
  class space    used 13646K, capacity 14772K, committed 14848K, reserved 1048576K
}
Event: 314.952 GC heap after
{Heap after GC invocations=73 (full 0):
 garbage-first heap   total 200704K, used 107777K [0x00000000a0000000, 0x0000000100000000)
  region size 1024K, 2 young (2048K), 2 survivors (2048K)
 Metaspace       used 107015K, capacity 110129K, committed 110416K, reserved 1144832K
  class space    used 13646K, capacity 14772K, committed 14848K, reserved 1048576K
}
Event: 1997.230 GC heap before
{Heap before GC invocations=73 (full 0):
 garbage-first heap   total 200704K, used 147713K [0x00000000a0000000, 0x0000000100000000)
  region size 1024K, 41 young (41984K), 2 survivors (2048K)
 Metaspace       used 107470K, capacity 110516K, committed 110672K, reserved 1144832K
  class space    used 13657K, capacity 14772K, committed 14848K, reserved 1048576K
}
Event: 1997.254 GC heap after
{Heap after GC invocations=74 (full 0):
 garbage-first heap   total 200704K, used 107743K [0x00000000a0000000, 0x0000000100000000)
  region size 1024K, 2 young (2048K), 2 survivors (2048K)
 Metaspace       used 107470K, capacity 110516K, committed 110672K, reserved 1144832K
  class space    used 13657K, capacity 14772K, committed 14848K, reserved 1048576K
}
Event: 2084.123 GC heap before
{Heap before GC invocations=75 (full 0):
 garbage-first heap   total 200704K, used 150751K [0x00000000a0000000, 0x0000000100000000)
  region size 1024K, 44 young (45056K), 2 survivors (2048K)
 Metaspace       used 107423K, capacity 110225K, committed 110928K, reserved 1144832K
  class space    used 13545K, capacity 14566K, committed 14848K, reserved 1048576K
}
Event: 2084.141 GC heap after
{Heap after GC invocations=76 (full 0):
 garbage-first heap   total 200704K, used 112189K [0x00000000a0000000, 0x0000000100000000)
  region size 1024K, 6 young (6144K), 6 survivors (6144K)
 Metaspace       used 107423K, capacity 110225K, committed 110928K, reserved 1144832K
  class space    used 13545K, capacity 14566K, committed 14848K, reserved 1048576K
}
Event: 2084.398 GC heap before
{Heap before GC invocations=76 (full 0):
 garbage-first heap   total 200704K, used 114237K [0x00000000a0000000, 0x0000000100000000)
  region size 1024K, 9 young (9216K), 6 survivors (6144K)
 Metaspace       used 107433K, capacity 110226K, committed 110928K, reserved 1144832K
  class space    used 13545K, capacity 14566K, committed 14848K, reserved 1048576K
}
Event: 2084.430 GC heap after
{Heap after GC invocations=77 (full 0):
 garbage-first heap   total 200704K, used 102826K [0x00000000a0000000, 0x0000000100000000)
  region size 1024K, 1 young (1024K), 1 survivors (1024K)
 Metaspace       used 107433K, capacity 110226K, committed 110928K, reserved 1144832K
  class space    used 13545K, capacity 14566K, committed 14848K, reserved 1048576K
}
Event: 2085.232 GC heap before
{Heap before GC invocations=77 (full 0):
 garbage-first heap   total 200704K, used 109994K [0x00000000a0000000, 0x0000000100000000)
  region size 1024K, 9 young (9216K), 1 survivors (1024K)
 Metaspace       used 107460K, capacity 110251K, committed 110928K, reserved 1144832K
  class space    used 13548K, capacity 14572K, committed 14848K, reserved 1048576K
}
Event: 2085.248 GC heap after
{Heap after GC invocations=78 (full 0):
 garbage-first heap   total 200704K, used 102912K [0x00000000a0000000, 0x0000000100000000)
  region size 1024K, 1 young (1024K), 1 survivors (1024K)
 Metaspace       used 107460K, capacity 110251K, committed 110928K, reserved 1144832K
  class space    used 13548K, capacity 14572K, committed 14848K, reserved 1048576K
}
Event: 2109.805 GC heap before
{Heap before GC invocations=78 (full 0):
 garbage-first heap   total 200704K, used 148992K [0x00000000a0000000, 0x0000000100000000)
  region size 1024K, 47 young (48128K), 1 survivors (1024K)
 Metaspace       used 108129K, capacity 111043K, committed 111440K, reserved 1146880K
  class space    used 13617K, capacity 14686K, committed 14848K, reserved 1048576K
}
Event: 2109.827 GC heap after
{Heap after GC invocations=79 (full 0):
 garbage-first heap   total 200704K, used 109781K [0x00000000a0000000, 0x0000000100000000)
  region size 1024K, 6 young (6144K), 6 survivors (6144K)
 Metaspace       used 108129K, capacity 111043K, committed 111440K, reserved 1146880K
  class space    used 13617K, capacity 14686K, committed 14848K, reserved 1048576K
}

Deoptimization events (20 events):
Event: 2812.629 Thread 0x0000022a7d532000 Uncommon trap: trap_request=0xffffff4d fr.pc=0x0000022a65bc3518 relative=0x0000000000005bb8
Event: 2812.629 Thread 0x0000022a7d532000 Uncommon trap: reason=unstable_if action=reinterpret pc=0x0000022a65bc3518 method=org.gradle.internal.operations.DefaultBuildOperationExecutor$ListenerAdapter.stop(Lorg/gradle/internal/operations/BuildOperationDescriptor;Lorg/gradle/internal/operations/Bu
Event: 2812.629 Thread 0x0000022a7d532000 DEOPT PACKING pc=0x0000022a65bc3518 sp=0x000000578f3f9580
Event: 2812.629 Thread 0x0000022a7d532000 DEOPT UNPACKING pc=0x0000022a5d7ea1af sp=0x000000578f3f9350 mode 2
Event: 2812.629 Thread 0x0000022a7d532000 Uncommon trap: trap_request=0xffffff4d fr.pc=0x0000022a65bc3518 relative=0x0000000000005bb8
Event: 2812.629 Thread 0x0000022a7d532000 Uncommon trap: reason=unstable_if action=reinterpret pc=0x0000022a65bc3518 method=org.gradle.internal.operations.DefaultBuildOperationExecutor$ListenerAdapter.stop(Lorg/gradle/internal/operations/BuildOperationDescriptor;Lorg/gradle/internal/operations/Bu
Event: 2812.629 Thread 0x0000022a7d532000 DEOPT PACKING pc=0x0000022a65bc3518 sp=0x000000578f3fa040
Event: 2812.629 Thread 0x0000022a7d532000 DEOPT UNPACKING pc=0x0000022a5d7ea1af sp=0x000000578f3f9e10 mode 2
Event: 2812.629 Thread 0x0000022a7d532000 Uncommon trap: trap_request=0xffffff4d fr.pc=0x0000022a65bc3518 relative=0x0000000000005bb8
Event: 2812.629 Thread 0x0000022a7d532000 Uncommon trap: reason=unstable_if action=reinterpret pc=0x0000022a65bc3518 method=org.gradle.internal.operations.DefaultBuildOperationExecutor$ListenerAdapter.stop(Lorg/gradle/internal/operations/BuildOperationDescriptor;Lorg/gradle/internal/operations/Bu
Event: 2812.629 Thread 0x0000022a7d532000 DEOPT PACKING pc=0x0000022a65bc3518 sp=0x000000578f3fac50
Event: 2812.629 Thread 0x0000022a7d532000 DEOPT UNPACKING pc=0x0000022a5d7ea1af sp=0x000000578f3faa20 mode 2
Event: 2812.629 Thread 0x0000022a7d532000 Uncommon trap: trap_request=0xffffff4d fr.pc=0x0000022a65bc3518 relative=0x0000000000005bb8
Event: 2812.630 Thread 0x0000022a7d532000 Uncommon trap: reason=unstable_if action=reinterpret pc=0x0000022a65bc3518 method=org.gradle.internal.operations.DefaultBuildOperationExecutor$ListenerAdapter.stop(Lorg/gradle/internal/operations/BuildOperationDescriptor;Lorg/gradle/internal/operations/Bu
Event: 2812.630 Thread 0x0000022a7d532000 DEOPT PACKING pc=0x0000022a65bc3518 sp=0x000000578f3fb730
Event: 2812.630 Thread 0x0000022a7d532000 DEOPT UNPACKING pc=0x0000022a5d7ea1af sp=0x000000578f3fb500 mode 2
Event: 2812.768 Thread 0x0000022a7d532000 Uncommon trap: trap_request=0xffffff4d fr.pc=0x0000022a65bc3518 relative=0x0000000000005bb8
Event: 2812.768 Thread 0x0000022a7d532000 Uncommon trap: reason=unstable_if action=reinterpret pc=0x0000022a65bc3518 method=org.gradle.internal.operations.DefaultBuildOperationExecutor$ListenerAdapter.stop(Lorg/gradle/internal/operations/BuildOperationDescriptor;Lorg/gradle/internal/operations/Bu
Event: 2812.768 Thread 0x0000022a7d532000 DEOPT PACKING pc=0x0000022a65bc3518 sp=0x000000578f3fd390
Event: 2812.768 Thread 0x0000022a7d532000 DEOPT UNPACKING pc=0x0000022a5d7ea1af sp=0x000000578f3fd160 mode 2

Classes redefined (0 events):
No events

Internal exceptions (20 events):
Event: 2083.772 Thread 0x0000022a7d52f800 Exception <a 'sun/nio/fs/WindowsException'{0x00000000a9f66e88}> (0x00000000a9f66e88) thrown at [./src/hotspot/share/prims/jni.cpp, line 616]
Event: 2083.836 Thread 0x0000022a7d52f800 Implicit null exception at 0x0000022a658424fe to 0x0000022a65842610
Event: 2085.214 Thread 0x0000022a7d52f800 Exception <a 'java/lang/ClassNotFoundException'{0x00000000abced808}: groovy/runtime/metaclass/[Ljava/lang/String;MetaClass> (0x00000000abced808) thrown at [./src/hotspot/share/prims/jni.cpp, line 637]
Event: 2085.648 Thread 0x0000022a7d52f800 Exception <a 'sun/nio/fs/WindowsException'{0x00000000aada1888}> (0x00000000aada1888) thrown at [./src/hotspot/share/prims/jni.cpp, line 616]
Event: 2085.698 Thread 0x0000022a7d52f800 Exception <a 'sun/nio/fs/WindowsException'{0x00000000aac46d00}> (0x00000000aac46d00) thrown at [./src/hotspot/share/prims/jni.cpp, line 616]
Event: 2085.699 Thread 0x0000022a7d52f800 Exception <a 'sun/nio/fs/WindowsException'{0x00000000aac48078}> (0x00000000aac48078) thrown at [./src/hotspot/share/prims/jni.cpp, line 616]
Event: 2085.699 Thread 0x0000022a7d52f800 Exception <a 'sun/nio/fs/WindowsException'{0x00000000aac49440}> (0x00000000aac49440) thrown at [./src/hotspot/share/prims/jni.cpp, line 616]
Event: 2085.699 Thread 0x0000022a7d52f800 Exception <a 'sun/nio/fs/WindowsException'{0x00000000aac4a808}> (0x00000000aac4a808) thrown at [./src/hotspot/share/prims/jni.cpp, line 616]
Event: 2085.976 Thread 0x0000022a7d52f800 Exception <a 'java/lang/NoSuchMethodError'{0x00000000aa380f30}: <clinit>> (0x00000000aa380f30) thrown at [./src/hotspot/share/prims/jni.cpp, line 1366]
Event: 2085.983 Thread 0x0000022a7d52f800 Exception <a 'java/lang/NoSuchMethodError'{0x00000000aa3ca058}: <clinit>> (0x00000000aa3ca058) thrown at [./src/hotspot/share/prims/jni.cpp, line 1366]
Event: 2085.997 Thread 0x0000022a7d52f800 Exception <a 'sun/nio/fs/WindowsException'{0x00000000aa251e28}> (0x00000000aa251e28) thrown at [./src/hotspot/share/prims/jni.cpp, line 616]
Event: 2109.795 Thread 0x0000022a7b7f2000 Exception <a 'java/lang/reflect/InvocationTargetException'{0x00000000a9582a48}> (0x00000000a9582a48) thrown at [./src/hotspot/share/runtime/reflection.cpp, line 1247]
Event: 2109.943 Thread 0x0000022a7cd45800 Exception <a 'sun/nio/fs/WindowsException'{0x00000000ac183428}> (0x00000000ac183428) thrown at [./src/hotspot/share/prims/jni.cpp, line 616]
Event: 2110.072 Thread 0x0000022a7d52f800 Implicit null exception at 0x0000022a65bd4493 to 0x0000022a65bd5a58
Event: 2110.442 Thread 0x0000022a7d530800 Exception <a 'java/lang/NoSuchMethodError'{0x00000000aba21e58}: <clinit>> (0x00000000aba21e58) thrown at [./src/hotspot/share/prims/jni.cpp, line 1366]
Event: 2110.443 Thread 0x0000022a7d530800 Exception <a 'java/lang/NoSuchMethodError'{0x00000000aba32e80}: <clinit>> (0x00000000aba32e80) thrown at [./src/hotspot/share/prims/jni.cpp, line 1366]
Event: 2110.443 Thread 0x0000022a7d530800 Exception <a 'java/lang/NoSuchMethodError'{0x00000000aba34568}: <clinit>> (0x00000000aba34568) thrown at [./src/hotspot/share/prims/jni.cpp, line 1366]
Event: 2110.445 Thread 0x0000022a7d530800 Exception <a 'java/lang/NoSuchMethodError'{0x00000000aba46988}: <clinit>> (0x00000000aba46988) thrown at [./src/hotspot/share/prims/jni.cpp, line 1366]
Event: 2110.446 Thread 0x0000022a7d530800 Exception <a 'java/lang/NoSuchMethodError'{0x00000000aba52d28}: <clinit>> (0x00000000aba52d28) thrown at [./src/hotspot/share/prims/jni.cpp, line 1366]
Event: 2812.629 Thread 0x0000022a7d532000 Exception <a 'java/lang/OutOfMemoryError'{0x00000000aa18cfe0}: unable to create native thread: possibly out of memory or process/resource limits reached> (0x00000000aa18cfe0) thrown at [./src/hotspot/share/prims/jvm.cpp, line 2924]

Events (20 events):
Event: 2812.631 Executing VM operation: RevokeBias
Event: 2812.633 Executing VM operation: RevokeBias done
Event: 2812.761 Executing VM operation: RevokeBias
Event: 2812.762 Executing VM operation: RevokeBias done
Event: 2812.762 Thread 0x0000022a7d537000 Thread exited: 0x0000022a7d537000
Event: 2812.762 Executing VM operation: RevokeBias
Event: 2812.763 Executing VM operation: RevokeBias done
Event: 2812.763 Thread 0x0000022a7d538000 Thread exited: 0x0000022a7d538000
Event: 2812.764 Executing VM operation: RevokeBias
Event: 2812.764 Executing VM operation: RevokeBias done
Event: 2812.764 Thread 0x0000022a7d52d800 Thread exited: 0x0000022a7d52d800
Event: 2812.775 Executing VM operation: RevokeBias
Event: 2812.777 Executing VM operation: RevokeBias done
Event: 2812.777 Thread 0x0000022a7d533000 Thread exited: 0x0000022a7d533000
Event: 2812.777 Executing VM operation: RevokeBias
Event: 2812.778 Executing VM operation: RevokeBias done
Event: 2812.778 Thread 0x0000022a7d535800 Thread exited: 0x0000022a7d535800
Event: 2812.778 Executing VM operation: RevokeBias
Event: 2812.779 Executing VM operation: RevokeBias done
Event: 2812.779 Thread 0x0000022a7d534800 Thread exited: 0x0000022a7d534800


Dynamic libraries:
0x00007ff6dfba0000 - 0x00007ff6dfbaa000 	C:\Program Files\Android\Android Studio\jre\bin\java.exe
0x00007ffb93690000 - 0x00007ffb93888000 	C:\WINDOWS\SYSTEM32\ntdll.dll
0x00007ffb921c0000 - 0x00007ffb9227f000 	C:\WINDOWS\System32\KERNEL32.DLL
0x00007ffb90f20000 - 0x00007ffb91216000 	C:\WINDOWS\System32\KERNELBASE.dll
0x00007ffb91220000 - 0x00007ffb91320000 	C:\WINDOWS\System32\ucrtbase.dll
0x00007ffb74c10000 - 0x00007ffb74c27000 	C:\Program Files\Android\Android Studio\jre\bin\VCRUNTIME140.dll
0x00007ffb75920000 - 0x00007ffb75939000 	C:\Program Files\Android\Android Studio\jre\bin\jli.dll
0x00007ffb93450000 - 0x00007ffb935ed000 	C:\WINDOWS\System32\USER32.dll
0x00007ffb90e80000 - 0x00007ffb90ea2000 	C:\WINDOWS\System32\win32u.dll
0x00007ffb91930000 - 0x00007ffb9195c000 	C:\WINDOWS\System32\GDI32.dll
0x00007ffb7b5d0000 - 0x00007ffb7b86a000 	C:\WINDOWS\WinSxS\amd64_microsoft.windows.common-controls_6595b64144ccf1df_6.0.19041.1110_none_60b5254171f9507e\COMCTL32.dll
0x00007ffb915d0000 - 0x00007ffb916e5000 	C:\WINDOWS\System32\gdi32full.dll
0x00007ffb92830000 - 0x00007ffb928ce000 	C:\WINDOWS\System32\msvcrt.dll
0x00007ffb91530000 - 0x00007ffb915cd000 	C:\WINDOWS\System32\msvcp_win.dll
0x00007ffb92190000 - 0x00007ffb921c0000 	C:\WINDOWS\System32\IMM32.DLL
0x00007ffb655f0000 - 0x00007ffb6568d000 	C:\Program Files\Android\Android Studio\jre\bin\msvcp140.dll
0x00007ffb46940000 - 0x00007ffb47442000 	C:\Program Files\Android\Android Studio\jre\bin\server\jvm.dll
0x00007ffb926f0000 - 0x00007ffb9279f000 	C:\WINDOWS\System32\ADVAPI32.dll
0x00007ffb928e0000 - 0x00007ffb9297c000 	C:\WINDOWS\System32\sechost.dll
0x00007ffb925c0000 - 0x00007ffb926e6000 	C:\WINDOWS\System32\RPCRT4.dll
0x00007ffb92980000 - 0x00007ffb92988000 	C:\WINDOWS\System32\PSAPI.DLL
0x00007ffb8c830000 - 0x00007ffb8c839000 	C:\WINDOWS\SYSTEM32\WSOCK32.dll
0x00007ffb7d120000 - 0x00007ffb7d147000 	C:\WINDOWS\SYSTEM32\WINMM.dll
0x00007ffb918c0000 - 0x00007ffb9192b000 	C:\WINDOWS\System32\WS2_32.dll
0x00007ffb894c0000 - 0x00007ffb894ca000 	C:\WINDOWS\SYSTEM32\VERSION.dll
0x00007ffb8eb30000 - 0x00007ffb8eb42000 	C:\WINDOWS\SYSTEM32\kernel.appcore.dll
0x00007ffb6fb80000 - 0x00007ffb6fb91000 	C:\Program Files\Android\Android Studio\jre\bin\verify.dll
0x00007ffb76940000 - 0x00007ffb76b24000 	C:\WINDOWS\SYSTEM32\DBGHELP.DLL
0x00007ffb76e20000 - 0x00007ffb76e54000 	C:\WINDOWS\SYSTEM32\dbgcore.DLL
0x00007ffb90d70000 - 0x00007ffb90df2000 	C:\WINDOWS\System32\bcryptPrimitives.dll
0x00007ffb6a1a0000 - 0x00007ffb6a1c9000 	C:\Program Files\Android\Android Studio\jre\bin\java.dll
0x00007ffb86980000 - 0x00007ffb8698b000 	C:\Program Files\Android\Android Studio\jre\bin\jimage.dll
0x00007ffb6e2f0000 - 0x00007ffb6e308000 	C:\Program Files\Android\Android Studio\jre\bin\zip.dll
0x00007ffb91960000 - 0x00007ffb920a4000 	C:\WINDOWS\System32\SHELL32.dll
0x00007ffb8ee10000 - 0x00007ffb8f5a3000 	C:\WINDOWS\SYSTEM32\windows.storage.dll
0x00007ffb92ae0000 - 0x00007ffb92e34000 	C:\WINDOWS\System32\combase.dll
0x00007ffb906e0000 - 0x00007ffb9070e000 	C:\WINDOWS\SYSTEM32\Wldp.dll
0x00007ffb91810000 - 0x00007ffb918bd000 	C:\WINDOWS\System32\SHCORE.dll
0x00007ffb935f0000 - 0x00007ffb93645000 	C:\WINDOWS\System32\shlwapi.dll
0x00007ffb90ca0000 - 0x00007ffb90cc5000 	C:\WINDOWS\SYSTEM32\profapi.dll
0x00007ffb6c950000 - 0x00007ffb6c96a000 	C:\Program Files\Android\Android Studio\jre\bin\net.dll
0x00007ffb842a0000 - 0x00007ffb843aa000 	C:\WINDOWS\SYSTEM32\WINHTTP.dll
0x00007ffb90440000 - 0x00007ffb904aa000 	C:\WINDOWS\system32\mswsock.dll
0x00007ffb6a180000 - 0x00007ffb6a194000 	C:\Program Files\Android\Android Studio\jre\bin\nio.dll
0x00007ffb69a60000 - 0x00007ffb69a87000 	C:\Users\L-63\.gradle\native\e1d6ef7f7dcc3fd88c89a11ec53ec762bb8ba0a96d01ffa2cd45eb1d1d8dd5c5\windows-amd64\native-platform.dll
0x00007ffb669b0000 - 0x00007ffb66af4000 	C:\Users\L-63\.gradle\native\0d407fdbe67a94daf76414ababcb853783967236a71b16ec16e742cd7a986fd3\windows-amd64\native-platform-file-events.dll
0x00007ffb8c1b0000 - 0x00007ffb8c1ba000 	C:\Program Files\Android\Android Studio\jre\bin\management.dll
0x00007ffb86810000 - 0x00007ffb8681d000 	C:\Program Files\Android\Android Studio\jre\bin\management_ext.dll
0x00007ffb90640000 - 0x00007ffb90658000 	C:\WINDOWS\SYSTEM32\CRYPTSP.dll
0x00007ffb8fd50000 - 0x00007ffb8fd84000 	C:\WINDOWS\system32\rsaenh.dll
0x00007ffb90e00000 - 0x00007ffb90e27000 	C:\WINDOWS\System32\bcrypt.dll
0x00007ffb90c60000 - 0x00007ffb90c8e000 	C:\WINDOWS\SYSTEM32\USERENV.dll
0x00007ffb90630000 - 0x00007ffb9063c000 	C:\WINDOWS\SYSTEM32\CRYPTBASE.dll
0x00007ffb90130000 - 0x00007ffb9016b000 	C:\WINDOWS\SYSTEM32\IPHLPAPI.DLL
0x00007ffb91750000 - 0x00007ffb91758000 	C:\WINDOWS\System32\NSI.dll
0x00007ffb84530000 - 0x00007ffb84547000 	C:\WINDOWS\SYSTEM32\dhcpcsvc6.DLL
0x00007ffb84700000 - 0x00007ffb8471d000 	C:\WINDOWS\SYSTEM32\dhcpcsvc.DLL
0x00007ffb90170000 - 0x00007ffb9023a000 	C:\WINDOWS\SYSTEM32\DNSAPI.dll
0x00007ffb7c780000 - 0x00007ffb7c7a7000 	C:\Program Files\Android\Android Studio\jre\bin\sunec.dll

dbghelp: loaded successfully - version: 4.0.5 - missing functions: none
symbol engine: initialized successfully - sym options: 0x614 - pdb path: .;C:\Program Files\Android\Android Studio\jre\bin;C:\WINDOWS\SYSTEM32;C:\WINDOWS\WinSxS\amd64_microsoft.windows.common-controls_6595b64144ccf1df_6.0.19041.1110_none_60b5254171f9507e;C:\Program Files\Android\Android Studio\jre\bin\server;C:\Users\L-63\.gradle\native\e1d6ef7f7dcc3fd88c89a11ec53ec762bb8ba0a96d01ffa2cd45eb1d1d8dd5c5\windows-amd64;C:\Users\L-63\.gradle\native\0d407fdbe67a94daf76414ababcb853783967236a71b16ec16e742cd7a986fd3\windows-amd64

VM Arguments:
jvm_args: --add-opens=java.base/java.util=ALL-UNNAMED --add-opens=java.base/java.lang=ALL-UNNAMED --add-opens=java.base/java.lang.invoke=ALL-UNNAMED --add-opens=java.base/java.util=ALL-UNNAMED --add-opens=java.prefs/java.util.prefs=ALL-UNNAMED --add-opens=java.prefs/java.util.prefs=ALL-UNNAMED --add-opens=java.base/java.nio.charset=ALL-UNNAMED --add-opens=java.base/java.net=ALL-UNNAMED --add-opens=java.base/java.util.concurrent.atomic=ALL-UNNAMED -Xmx1536M -Dfile.encoding=windows-1252 -Duser.country=IN -Duser.language=en -Duser.variant 
java_command: org.gradle.launcher.daemon.bootstrap.GradleDaemon 7.5
java_class_path (initial): C:\Users\L-63\.gradle\wrapper\dists\gradle-7.5-all\6qsw290k5lz422uaf8jf6m7co\gradle-7.5\lib\gradle-launcher-7.5.jar
Launcher Type: SUN_STANDARD

[Global flags]
     intx CICompilerCount                          = 3                                         {product} {ergonomic}
     uint ConcGCThreads                            = 1                                         {product} {ergonomic}
     uint G1ConcRefinementThreads                  = 4                                         {product} {ergonomic}
   size_t G1HeapRegionSize                         = 1048576                                   {product} {ergonomic}
    uintx GCDrainStackTargetSize                   = 64                                        {product} {ergonomic}
   size_t InitialHeapSize                          = 134217728                                 {product} {ergonomic}
   size_t MarkStackSize                            = 4194304                                   {product} {ergonomic}
   size_t MaxHeapSize                              = 1610612736                                {product} {command line}
   size_t MaxNewSize                               = 965738496                                 {product} {ergonomic}
   size_t MinHeapDeltaBytes                        = 1048576                                   {product} {ergonomic}
    uintx NonNMethodCodeHeapSize                   = 5830732                                {pd product} {ergonomic}
    uintx NonProfiledCodeHeapSize                  = 122913754                              {pd product} {ergonomic}
    uintx ProfiledCodeHeapSize                     = 122913754                              {pd product} {ergonomic}
    uintx ReservedCodeCacheSize                    = 251658240                              {pd product} {ergonomic}
     bool SegmentedCodeCache                       = true                                      {product} {ergonomic}
     bool UseCompressedClassPointers               = true                                 {lp64_product} {ergonomic}
     bool UseCompressedOops                        = true                                 {lp64_product} {ergonomic}
     bool UseG1GC                                  = true                                      {product} {ergonomic}
     bool UseLargePagesIndividualAllocation        = false                                  {pd product} {ergonomic}

Logging:
Log output configuration:
 #0: stdout all=warning uptime,level,tags
 #1: stderr all=off uptime,level,tags

Environment Variables:
JAVA_HOME=C:\Program Files\Android\Android Studio\jre
CLASSPATH=C:\Users\L-63\process\android\\gradle\wrapper\gradle-wrapper.jar
PATH=C:\Python311\Scripts\;C:\Python311\;C:\Program Files\Microsoft\jdk-11.0.12.7-hotspot\bin;C:\Program Files (x86)\Common Files\Oracle\Java\javapath;C:\WINDOWS\system32;C:\WINDOWS;C:\WINDOWS\System32\Wbem;C:\WINDOWS\System32\WindowsPowerShell\v1.0\;C:\WINDOWS\System32\OpenSSH\;C:\Users\L-63\AwesomeProject\npm;"C:\Program Files\nodejs;";C:\Program Files\Java\jdk1.8.0_201\bin;MyFirstApplication (C:\Users\L-63\AndroidStudioProjects\MyFirstApplication);"PATH=C:\Python311\Scripts\;C:\Python311\;C:\Program Files\Microsoft\jdk-11.0.12.7-hotspot\bin;C:\Program Files (x86)\Common Files\Oracle\Java\javapath;C:\WINDOWS\system32;C:\WINDOWS;C:\WINDOWS\System32\Wbem;C:\WINDOWS\System32\WindowsPowerShell\v1.0\;C:\WINDOWS\System32\OpenSSH\;C:\Users\L-63\AwesomeProject\npm;"C:\Program Files\nodejs;";C:\Program Files\Java\jdk1.8.0_201\bin;MyFirstApplication (C:\Users\L-63\AndroidStudioProjects\MyFirstApplication);"PATH=C:\Python311\Scripts\;C:\Python311\;C:\Program Files\Microsoft\jdk-11.0.12.7-hotspot\bin;C:\Program Files (x86)\Common Files\Oracle\Java\javapath;C:\WINDOWS\system32;C:\WINDOWS;C:\WINDOWS\System32\Wbem;C:\WINDOWS\System32\WindowsPowerShell\v1.0\;C:\WINDOWS\System32\OpenSSH\;C:\Users\L-63\AwesomeProject\npm;"C:\Program Files\nodejs;";C:\Program Files\Java\jdk1.8.0_201\bin;MyFirstApplication (C:\Users\L-63\AndroidStudioProjects\MyFirstApplication);"PATH=C:\WINDOWS\System32;C:\Users\L-63\AppData\Local\Android\Sdk\tools;C:\Users\L-63\AppData\Local\Android\Sdk\platform-tools";C:\Program Files\Git\cmd;C:\Program Files\dotnet\;C:\Program Files\nodejs\;C:\ProgramData\chocolatey\bin;C:\Program Files (x86)\Yarn\bin\;C:\Users\L-63\AppData\Local\Android\Sdk\tools;C:\Users\L-63\AppData\Local\Android\Sdk\platform-tools";C:\Program Files\Git\cmd;C:\Program Files\dotnet\;C:\Program Files\nodejs\;C:\ProgramData\chocolatey\bin;C:\Program Files (x86)\Yarn\bin\;C:\Users\L-63\AppData\Local\Android\Sdk\tools;C:\Users\L-63\AppData\Local\Android\Sdk\platform-tools";C:\Program Files\Git\cmd;C:\
USERNAME=L-63
OS=Windows_NT
PROCESSOR_IDENTIFIER=Intel64 Family 6 Model 78 Stepping 3, GenuineIntel



---------------  S Y S T E M  ---------------

OS: Windows 10 , 64 bit Build 19041 (10.0.19041.3155)
OS uptime: 7 days 0:08 hours

CPU:total 4 (initial active 4) (2 cores per cpu, 2 threads per core) family 6 model 78 stepping 3 microcode 0xcc, cmov, cx8, fxsr, mmx, sse, sse2, sse3, ssse3, sse4.1, sse4.2, popcnt, avx, avx2, aes, clmul, erms, 3dnowpref, lzcnt, ht, tsc, tscinvbit, bmi1, bmi2, adx, fma

Memory: 4k page, system-wide physical 8065M (1490M free)
TotalPageFile size 10113M (AvailPageFile size 447M)
current process WorkingSet (physical memory assigned to process): 433M, peak: 511M
current process commit charge ("private bytes"): 518M, peak: 550M

vm_info: OpenJDK 64-Bit Server VM (11.0.13+0-b1751.21-8125866) for windows-amd64 JRE (11.0.13+0-b1751.21-8125866), built on Feb  2 2022 03:00:22 by "builder" with MS VC++ 14.0 (VS2015)

END.
